<?xml version="1.0" encoding="UTF-8"?>
<testsuite name="com.stylefeng.guns.GunsRestApplicationTests" time="0.004" tests="1" errors="1" skipped="0" failures="0">
  <properties>
[...]
</properties>
  <testcase name="initializationError" classname="com.stylefeng.guns.GunsRestApplicationTests" time="0.004">
    <error message="Unable to find a @SpringBootConfiguration, you need to use @ContextConfiguration or @SpringBootTest(classes=...) with your test" type="java.lang.IllegalStateException"><![CDATA[java.lang.IllegalStateException: Unable to find a @SpringBootConfiguration, you need to use @ContextConfiguration or @SpringBootTest(classes=...) with your test
	at org.springframework.util.Assert.state(Assert.java:70)
	at org.springframework.boot.test.context.SpringBootTestContextBootstrapper.getOrFindConfigurationClasses(SpringBootTestContextBootstrapper.java:202)
	at org.springframework.boot.test.context.SpringBootTestContextBootstrapper.processMergedContextConfiguration(SpringBootTestContextBootstrapper.java:137)
	at org.springframework.test.context.support.AbstractTestContextBootstrapper.buildMergedContextConfiguration(AbstractTestContextBootstrapper.java:409)
	at org.springframework.test.context.support.AbstractTestContextBootstrapper.buildDefaultMergedContextConfiguration(AbstractTestContextBootstrapper.java:323)
	at org.springframework.test.context.support.AbstractTestContextBootstrapper.buildMergedContextConfiguration(AbstractTestContextBootstrapper.java:277)
	at org.springframework.test.context.support.AbstractTestContextBootstrapper.buildTestContext(AbstractTestContextBootstrapper.java:112)
	at org.springframework.boot.test.context.SpringBootTestContextBootstrapper.buildTestContext(SpringBootTestContextBootstrapper.java:82)
	at org.springframework.test.context.TestContextManager.<init>(TestContextManager.java:120)
	at org.springframework.test.context.TestContextManager.<init>(TestContextManager.java:105)
	at org.springframework.test.context.junit4.SpringJUnit4ClassRunner.createTestContextManager(SpringJUnit4ClassRunner.java:152)
	at org.springframework.test.context.junit4.SpringJUnit4ClassRunner.<init>(SpringJUnit4ClassRunner.java:143)
	at org.springframework.test.context.junit4.SpringRunner.<init>(SpringRunner.java:49)
	at sun.reflect.NativeConstructorAccessorImpl.newInstance0(Native Method)
	at sun.reflect.NativeConstructorAccessorImpl.newInstance(NativeConstructorAccessorImpl.java:62)
	at sun.reflect.DelegatingConstructorAccessorImpl.newInstance(DelegatingConstructorAccessorImpl.java:45)
	at java.lang.reflect.Constructor.newInstance(Constructor.java:408)
	at org.junit.internal.builders.AnnotatedBuilder.buildRunner(AnnotatedBuilder.java:104)
	at org.junit.internal.builders.AnnotatedBuilder.runnerForClass(AnnotatedBuilder.java:86)
	at org.junit.runners.model.RunnerBuilder.safeRunnerForClass(RunnerBuilder.java:59)
	at org.junit.internal.builders.AllDefaultPossibilitiesBuilder.runnerForClass(AllDefaultPossibilitiesBuilder.java:26)
	at org.junit.runners.model.RunnerBuilder.safeRunnerForClass(RunnerBuilder.java:59)
	at org.junit.internal.requests.ClassRequest.getRunner(ClassRequest.java:33)
	at org.apache.maven.surefire.junit4.JUnit4Provider.execute(JUnit4Provider.java:283)
	at org.apache.maven.surefire.junit4.JUnit4Provider.executeWithRerun(JUnit4Provider.java:173)
	at org.apache.maven.surefire.junit4.JUnit4Provider.executeTestSet(JUnit4Provider.java:153)
	at org.apache.maven.surefire.junit4.JUnit4Provider.invoke(JUnit4Provider.java:128)
	at org.apache.maven.surefire.booter.ForkedBooter.invokeProviderInSameClassLoader(ForkedBooter.java:203)
	at org.apache.maven.surefire.booter.ForkedBooter.runSuitesInProcess(ForkedBooter.java:155)
	at org.apache.maven.surefire.booter.ForkedBooter.main(ForkedBooter.java:103)
]]></error>
    <system-out><![CDATA[22:11:52.597 [main] DEBUG org.springframework.test.context.junit4.SpringJUnit4ClassRunner - SpringJUnit4ClassRunner constructor called with [class com.stylefeng.guns.GunsRestApplicationTests]
22:11:52.601 [main] DEBUG org.springframework.test.context.BootstrapUtils - Instantiating CacheAwareContextLoaderDelegate from class [org.springframework.test.context.cache.DefaultCacheAwareContextLoaderDelegate]
22:11:52.608 [main] DEBUG org.springframework.test.context.BootstrapUtils - Instantiating BootstrapContext using constructor [public org.springframework.test.context.support.DefaultBootstrapContext(java.lang.Class,org.springframework.test.context.CacheAwareContextLoaderDelegate)]
22:11:52.617 [main] DEBUG org.springframework.test.context.BootstrapUtils - Instantiating TestContextBootstrapper for test class [com.stylefeng.guns.GunsRestApplicationTests] from class [org.springframework.boot.test.context.SpringBootTestContextBootstrapper]
22:11:52.627 [main] INFO org.springframework.boot.test.context.SpringBootTestContextBootstrapper - Neither @ContextConfiguration nor @ContextHierarchy found for test class [com.stylefeng.guns.GunsRestApplicationTests], using SpringBootContextLoader
22:11:52.630 [main] DEBUG org.springframework.test.context.support.AbstractContextLoader - Did not detect default resource location for test class [com.stylefeng.guns.GunsRestApplicationTests]: class path resource [com/stylefeng/guns/GunsRestApplicationTests-context.xml] does not exist
22:11:52.630 [main] DEBUG org.springframework.test.context.support.AbstractContextLoader - Did not detect default resource location for test class [com.stylefeng.guns.GunsRestApplicationTests]: class path resource [com/stylefeng/guns/GunsRestApplicationTestsContext.groovy] does not exist
22:11:52.630 [main] INFO org.springframework.test.context.support.AbstractContextLoader - Could not detect default resource locations for test class [com.stylefeng.guns.GunsRestApplicationTests]: no resource found for suffixes {-context.xml, Context.groovy}.
22:11:52.631 [main] INFO org.springframework.test.context.support.AnnotationConfigContextLoaderUtils - Could not detect default configuration classes for test class [com.stylefeng.guns.GunsRestApplicationTests]: GunsRestApplicationTests does not declare any static, non-private, non-final, nested classes annotated with @Configuration.
22:11:52.658 [main] DEBUG org.springframework.test.context.support.ActiveProfilesUtils - Could not find an 'annotation declaring class' for annotation type [org.springframework.test.context.ActiveProfiles] and class [com.stylefeng.guns.GunsRestApplicationTests]
22:11:52.664 [main] DEBUG org.springframework.core.env.StandardEnvironment - Adding PropertySource 'systemProperties' with lowest search precedence
22:11:52.664 [main] DEBUG org.springframework.core.env.StandardEnvironment - Adding PropertySource 'systemEnvironment' with lowest search precedence
22:11:52.665 [main] DEBUG org.springframework.core.env.StandardEnvironment - Initialized StandardEnvironment with PropertySources [MapPropertySource@1032986144 {name='systemProperties', properties={idea.version=2021.3.2, java.runtime.name=Java(TM) SE Runtime Environment, sun.boot.library.path=E:\SDK\jdk1.8.0_11\jre\bin, java.vm.version=25.11-b03, java.vm.vendor=Oracle Corporation, java.vendor.url=http://java.oracle.com/, path.separator=;, java.vm.name=Java HotSpot(TM) 64-Bit Server VM, file.encoding.pkg=sun.io, user.country=CN, user.script=, sun.java.launcher=SUN_STANDARD, sun.os.patch.level=, java.vm.specification.name=Java Virtual Machine Specification, user.dir=F:\qyw\guns-rest, java.runtime.version=1.8.0_11-b12, basedir=F:\qyw\guns-rest, java.awt.graphicsenv=sun.awt.Win32GraphicsEnvironment, java.endorsed.dirs=E:\SDK\jdk1.8.0_11\jre\lib\endorsed, os.arch=amd64, surefire.real.class.path=F:\qyw\guns-rest\target\surefire\surefirebooter3836265779371738923.jar, java.io.tmpdir=C:\Users\Administrator\AppData\Local\Temp\, line.separator=
, java.vm.specification.vendor=Oracle Corporation, user.variant=, os.name=Windows 8.1, sun.jnu.encoding=GBK, java.library.path=E:\SDK\jdk1.8.0_11\jre\bin;C:\Windows\Sun\Java\bin;C:\Windows\system32;C:\Windows;C:\Windows\system32;C:\Windows;C:\Windows\System32\Wbem;C:\Windows\System32\WindowsPowerShell\v1.0\;C:\Windows\System32\OpenSSH\;E:\SDK\jdk1.8.0_11\bin;C:\Program Files\TortoiseSVN\bin;D:\SDK\mysql-5.7.31-winx64\bin;D:\SDK\redis\;C:\Users\Administrator\AppData\Local\Microsoft\WindowsApps;;C:\Program Files\JetBrains\IntelliJ IDEA 2021.3.2\bin;;., surefire.test.class.path=F:\qyw\guns-rest\target\test-classes;F:\qyw\guns-rest\target\classes;C:\Users\Administrator\.m2\repository\org\springframework\boot\spring-boot-starter-web\1.5.9.RELEASE\spring-boot-starter-web-1.5.9.RELEASE.jar;C:\Users\Administrator\.m2\repository\org\springframework\boot\spring-boot-starter\1.5.9.RELEASE\spring-boot-starter-1.5.9.RELEASE.jar;C:\Users\Administrator\.m2\repository\org\springframework\boot\spring-boot\1.5.9.RELEASE\spring-boot-1.5.9.RELEASE.jar;C:\Users\Administrator\.m2\repository\org\springframework\boot\spring-boot-autoconfigure\1.5.9.RELEASE\spring-boot-autoconfigure-1.5.9.RELEASE.jar;C:\Users\Administrator\.m2\repository\org\springframework\boot\spring-boot-starter-logging\1.5.9.RELEASE\spring-boot-starter-logging-1.5.9.RELEASE.jar;C:\Users\Administrator\.m2\repository\ch\qos\logback\logback-classic\1.1.11\logback-classic-1.1.11.jar;C:\Users\Administrator\.m2\repository\ch\qos\logback\logback-core\1.1.11\logback-core-1.1.11.jar;C:\Users\Administrator\.m2\repository\org\slf4j\jcl-over-slf4j\1.7.25\jcl-over-slf4j-1.7.25.jar;C:\Users\Administrator\.m2\repository\org\slf4j\jul-to-slf4j\1.7.25\jul-to-slf4j-1.7.25.jar;C:\Users\Administrator\.m2\repository\org\slf4j\log4j-over-slf4j\1.7.25\log4j-over-slf4j-1.7.25.jar;C:\Users\Administrator\.m2\repository\org\yaml\snakeyaml\1.17\snakeyaml-1.17.jar;C:\Users\Administrator\.m2\repository\org\springframework\boot\spring-boot-starter-tomcat\1.5.9.RELEASE\spring-boot-starter-tomcat-1.5.9.RELEASE.jar;C:\Users\Administrator\.m2\repository\org\apache\tomcat\embed\tomcat-embed-core\8.5.23\tomcat-embed-core-8.5.23.jar;C:\Users\Administrator\.m2\repository\org\apache\tomcat\tomcat-annotations-api\8.5.23\tomcat-annotations-api-8.5.23.jar;C:\Users\Administrator\.m2\repository\org\apache\tomcat\embed\tomcat-embed-el\8.5.23\tomcat-embed-el-8.5.23.jar;C:\Users\Administrator\.m2\repository\org\apache\tomcat\embed\tomcat-embed-websocket\8.5.23\tomcat-embed-websocket-8.5.23.jar;C:\Users\Administrator\.m2\repository\org\hibernate\hibernate-validator\5.3.6.Final\hibernate-validator-5.3.6.Final.jar;C:\Users\Administrator\.m2\repository\javax\validation\validation-api\1.1.0.Final\validation-api-1.1.0.Final.jar;C:\Users\Administrator\.m2\repository\org\jboss\logging\jboss-logging\3.3.1.Final\jboss-logging-3.3.1.Final.jar;C:\Users\Administrator\.m2\repository\com\fasterxml\classmate\1.3.4\classmate-1.3.4.jar;C:\Users\Administrator\.m2\repository\com\fasterxml\jackson\core\jackson-databind\2.8.10\jackson-databind-2.8.10.jar;C:\Users\Administrator\.m2\repository\com\fasterxml\jackson\core\jackson-annotations\2.8.0\jackson-annotations-2.8.0.jar;C:\Users\Administrator\.m2\repository\com\fasterxml\jackson\core\jackson-core\2.8.10\jackson-core-2.8.10.jar;C:\Users\Administrator\.m2\repository\org\springframework\spring-web\4.3.13.RELEASE\spring-web-4.3.13.RELEASE.jar;C:\Users\Administrator\.m2\repository\org\springframework\spring-aop\4.3.13.RELEASE\spring-aop-4.3.13.RELEASE.jar;C:\Users\Administrator\.m2\repository\org\springframework\spring-beans\4.3.13.RELEASE\spring-beans-4.3.13.RELEASE.jar;C:\Users\Administrator\.m2\repository\org\springframework\spring-context\4.3.13.RELEASE\spring-context-4.3.13.RELEASE.jar;C:\Users\Administrator\.m2\repository\org\springframework\spring-webmvc\4.3.13.RELEASE\spring-webmvc-4.3.13.RELEASE.jar;C:\Users\Administrator\.m2\repository\org\springframework\spring-expression\4.3.13.RELEASE\spring-expression-4.3.13.RELEASE.jar;C:\Users\Administrator\.m2\repository\org\springframework\boot\spring-boot-starter-test\1.5.9.RELEASE\spring-boot-starter-test-1.5.9.RELEASE.jar;C:\Users\Administrator\.m2\repository\org\springframework\boot\spring-boot-test\1.5.9.RELEASE\spring-boot-test-1.5.9.RELEASE.jar;C:\Users\Administrator\.m2\repository\org\springframework\boot\spring-boot-test-autoconfigure\1.5.9.RELEASE\spring-boot-test-autoconfigure-1.5.9.RELEASE.jar;C:\Users\Administrator\.m2\repository\com\jayway\jsonpath\json-path\2.2.0\json-path-2.2.0.jar;C:\Users\Administrator\.m2\repository\net\minidev\json-smart\2.2.1\json-smart-2.2.1.jar;C:\Users\Administrator\.m2\repository\net\minidev\accessors-smart\1.1\accessors-smart-1.1.jar;C:\Users\Administrator\.m2\repository\org\ow2\asm\asm\5.0.3\asm-5.0.3.jar;C:\Users\Administrator\.m2\repository\org\slf4j\slf4j-api\1.7.25\slf4j-api-1.7.25.jar;C:\Users\Administrator\.m2\repository\junit\junit\4.12\junit-4.12.jar;C:\Users\Administrator\.m2\repository\org\assertj\assertj-core\2.6.0\assertj-core-2.6.0.jar;C:\Users\Administrator\.m2\repository\org\mockito\mockito-core\1.10.19\mockito-core-1.10.19.jar;C:\Users\Administrator\.m2\repository\org\objenesis\objenesis\2.1\objenesis-2.1.jar;C:\Users\Administrator\.m2\repository\org\hamcrest\hamcrest-core\1.3\hamcrest-core-1.3.jar;C:\Users\Administrator\.m2\repository\org\hamcrest\hamcrest-library\1.3\hamcrest-library-1.3.jar;C:\Users\Administrator\.m2\repository\org\skyscreamer\jsonassert\1.4.0\jsonassert-1.4.0.jar;C:\Users\Administrator\.m2\repository\com\vaadin\external\google\android-json\0.0.20131108.vaadin1\android-json-0.0.20131108.vaadin1.jar;C:\Users\Administrator\.m2\repository\org\springframework\spring-core\4.3.13.RELEASE\spring-core-4.3.13.RELEASE.jar;C:\Users\Administrator\.m2\repository\org\springframework\spring-test\4.3.13.RELEASE\spring-test-4.3.13.RELEASE.jar;C:\Users\Administrator\.m2\repository\io\jsonwebtoken\jjwt\0.7.0\jjwt-0.7.0.jar;C:\Users\Administrator\.m2\repository\com\stylefeng\guns-core\1.0.0-SNAPSHOT\guns-core-1.0.0-SNAPSHOT.jar;C:\Users\Administrator\.m2\repository\com\baomidou\mybatisplus-spring-boot-starter\1.0.5\mybatisplus-spring-boot-starter-1.0.5.jar;C:\Users\Administrator\.m2\repository\org\springframework\boot\spring-boot-configuration-processor\1.5.9.RELEASE\spring-boot-configuration-processor-1.5.9.RELEASE.jar;C:\Users\Administrator\.m2\repository\com\baomidou\mybatis-plus\2.1.8\mybatis-plus-2.1.8.jar;C:\Users\Administrator\.m2\repository\com\baomidou\mybatis-plus-support\2.1.8\mybatis-plus-support-2.1.8.jar;C:\Users\Administrator\.m2\repository\com\baomidou\mybatis-plus-core\2.1.8\mybatis-plus-core-2.1.8.jar;C:\Users\Administrator\.m2\repository\com\github\jsqlparser\jsqlparser\1.1\jsqlparser-1.1.jar;C:\Users\Administrator\.m2\repository\org\mybatis\mybatis-spring\1.3.1\mybatis-spring-1.3.1.jar;C:\Users\Administrator\.m2\repository\org\mybatis\mybatis\3.4.5\mybatis-3.4.5.jar;C:\Users\Administrator\.m2\repository\com\baomidou\mybatis-plus-generate\2.1.8\mybatis-plus-generate-2.1.8.jar;C:\Users\Administrator\.m2\repository\org\apache\velocity\velocity\1.7\velocity-1.7.jar;C:\Users\Administrator\.m2\repository\commons-collections\commons-collections\3.2.2\commons-collections-3.2.2.jar;C:\Users\Administrator\.m2\repository\commons-lang\commons-lang\2.4\commons-lang-2.4.jar;C:\Users\Administrator\.m2\repository\mysql\mysql-connector-java\8.0.11\mysql-connector-java-8.0.11.jar;C:\Users\Administrator\.m2\repository\com\google\protobuf\protobuf-java\2.6.0\protobuf-java-2.6.0.jar;C:\Users\Administrator\.m2\repository\org\springframework\boot\spring-boot-starter-jdbc\1.5.9.RELEASE\spring-boot-starter-jdbc-1.5.9.RELEASE.jar;C:\Users\Administrator\.m2\repository\org\apache\tomcat\tomcat-jdbc\8.5.23\tomcat-jdbc-8.5.23.jar;C:\Users\Administrator\.m2\repository\org\apache\tomcat\tomcat-juli\8.5.23\tomcat-juli-8.5.23.jar;C:\Users\Administrator\.m2\repository\org\springframework\spring-jdbc\4.3.13.RELEASE\spring-jdbc-4.3.13.RELEASE.jar;C:\Users\Administrator\.m2\repository\org\springframework\spring-tx\4.3.13.RELEASE\spring-tx-4.3.13.RELEASE.jar;C:\Users\Administrator\.m2\repository\com\alibaba\druid\1.1.6\druid-1.1.6.jar;C:\Users\Administrator\.m2\repository\com\alibaba\fastjson\1.2.44\fastjson-1.2.44.jar;C:\Users\Administrator\.m2\repository\org\apache\commons\commons-lang3\3.6\commons-lang3-3.6.jar;C:\Users\Administrator\.m2\repository\org\apache\poi\poi-ooxml\3.17\poi-ooxml-3.17.jar;C:\Users\Administrator\.m2\repository\org\apache\poi\poi\3.17\poi-3.17.jar;C:\Users\Administrator\.m2\repository\commons-codec\commons-codec\1.10\commons-codec-1.10.jar;C:\Users\Administrator\.m2\repository\org\apache\commons\commons-collections4\4.1\commons-collections4-4.1.jar;C:\Users\Administrator\.m2\repository\org\apache\poi\poi-ooxml-schemas\3.17\poi-ooxml-schemas-3.17.jar;C:\Users\Administrator\.m2\repository\org\apache\xmlbeans\xmlbeans\2.6.0\xmlbeans-2.6.0.jar;C:\Users\Administrator\.m2\repository\stax\stax-api\1.0.1\stax-api-1.0.1.jar;C:\Users\Administrator\.m2\repository\com\github\virtuald\curvesapi\1.04\curvesapi-1.04.jar;C:\Users\Administrator\.m2\repository\org\apache\poi\poi-scratchpad\3.17\poi-scratchpad-3.17.jar;C:\Users\Administrator\.m2\repository\fr\opensagres\xdocreport\fr.opensagres.xdocreport.document\1.0.5\fr.opensagres.xdocreport.document-1.0.5.jar;C:\Users\Administrator\.m2\repository\fr\opensagres\xdocreport\fr.opensagres.xdocreport.core\1.0.5\fr.opensagres.xdocreport.core-1.0.5.jar;C:\Users\Administrator\.m2\repository\fr\opensagres\xdocreport\fr.opensagres.xdocreport.converter\1.0.5\fr.opensagres.xdocreport.converter-1.0.5.jar;C:\Users\Administrator\.m2\repository\fr\opensagres\xdocreport\fr.opensagres.xdocreport.template\1.0.5\fr.opensagres.xdocreport.template-1.0.5.jar;C:\Users\Administrator\.m2\repository\fr\opensagres\xdocreport\org.apache.poi.xwpf.converter.xhtml\1.0.5\org.apache.poi.xwpf.converter.xhtml-1.0.5.jar;C:\Users\Administrator\.m2\repository\fr\opensagres\xdocreport\org.apache.poi.xwpf.converter.core\1.0.5\org.apache.poi.xwpf.converter.core-1.0.5.jar;C:\Users\Administrator\.m2\repository\org\apache\poi\ooxml-schemas\1.1\ooxml-schemas-1.1.jar;C:\Users\Administrator\.m2\repository\de\mhus\ports\ports-javaxmail\1.3.5\ports-javaxmail-1.3.5.jar;C:\Users\Administrator\.m2\repository\org\osgi\org.osgi.compendium\5.0.0\org.osgi.compendium-5.0.0.jar;C:\Users\Administrator\.m2\repository\biz\aQute\bndlib\1.50.0\bndlib-1.50.0.jar;C:\Users\Administrator\.m2\repository\javax\mail\mail\1.4.1\mail-1.4.1.jar;C:\Users\Administrator\.m2\repository\javax\activation\activation\1.1.1\activation-1.1.1.jar;C:\Users\Administrator\.m2\repository\net\coobird\thumbnailator\0.4.8\thumbnailator-0.4.8.jar;C:\Users\Administrator\.m2\repository\commons-beanutils\commons-beanutils\1.9.2\commons-beanutils-1.9.2.jar;C:\Users\Administrator\.m2\repository\commons-logging\commons-logging\1.2\commons-logging-1.2.jar;, java.specification.name=Java Platform API Specification, java.class.version=52.0, sun.management.compiler=HotSpot 64-Bit Tiered Compilers, os.version=6.3, user.home=C:\Users\Administrator, user.timezone=Asia/Shanghai, java.awt.printerjob=sun.awt.windows.WPrinterJob, file.encoding=GBK, java.specification.version=1.8, java.class.path=F:\qyw\guns-rest\target\test-classes;F:\qyw\guns-rest\target\classes;C:\Users\Administrator\.m2\repository\org\springframework\boot\spring-boot-starter-web\1.5.9.RELEASE\spring-boot-starter-web-1.5.9.RELEASE.jar;C:\Users\Administrator\.m2\repository\org\springframework\boot\spring-boot-starter\1.5.9.RELEASE\spring-boot-starter-1.5.9.RELEASE.jar;C:\Users\Administrator\.m2\repository\org\springframework\boot\spring-boot\1.5.9.RELEASE\spring-boot-1.5.9.RELEASE.jar;C:\Users\Administrator\.m2\repository\org\springframework\boot\spring-boot-autoconfigure\1.5.9.RELEASE\spring-boot-autoconfigure-1.5.9.RELEASE.jar;C:\Users\Administrator\.m2\repository\org\springframework\boot\spring-boot-starter-logging\1.5.9.RELEASE\spring-boot-starter-logging-1.5.9.RELEASE.jar;C:\Users\Administrator\.m2\repository\ch\qos\logback\logback-classic\1.1.11\logback-classic-1.1.11.jar;C:\Users\Administrator\.m2\repository\ch\qos\logback\logback-core\1.1.11\logback-core-1.1.11.jar;C:\Users\Administrator\.m2\repository\org\slf4j\jcl-over-slf4j\1.7.25\jcl-over-slf4j-1.7.25.jar;C:\Users\Administrator\.m2\repository\org\slf4j\jul-to-slf4j\1.7.25\jul-to-slf4j-1.7.25.jar;C:\Users\Administrator\.m2\repository\org\slf4j\log4j-over-slf4j\1.7.25\log4j-over-slf4j-1.7.25.jar;C:\Users\Administrator\.m2\repository\org\yaml\snakeyaml\1.17\snakeyaml-1.17.jar;C:\Users\Administrator\.m2\repository\org\springframework\boot\spring-boot-starter-tomcat\1.5.9.RELEASE\spring-boot-starter-tomcat-1.5.9.RELEASE.jar;C:\Users\Administrator\.m2\repository\org\apache\tomcat\embed\tomcat-embed-core\8.5.23\tomcat-embed-core-8.5.23.jar;C:\Users\Administrator\.m2\repository\org\apache\tomcat\tomcat-annotations-api\8.5.23\tomcat-annotations-api-8.5.23.jar;C:\Users\Administrator\.m2\repository\org\apache\tomcat\embed\tomcat-embed-el\8.5.23\tomcat-embed-el-8.5.23.jar;C:\Users\Administrator\.m2\repository\org\apache\tomcat\embed\tomcat-embed-websocket\8.5.23\tomcat-embed-websocket-8.5.23.jar;C:\Users\Administrator\.m2\repository\org\hibernate\hibernate-validator\5.3.6.Final\hibernate-validator-5.3.6.Final.jar;C:\Users\Administrator\.m2\repository\javax\validation\validation-api\1.1.0.Final\validation-api-1.1.0.Final.jar;C:\Users\Administrator\.m2\repository\org\jboss\logging\jboss-logging\3.3.1.Final\jboss-logging-3.3.1.Final.jar;C:\Users\Administrator\.m2\repository\com\fasterxml\classmate\1.3.4\classmate-1.3.4.jar;C:\Users\Administrator\.m2\repository\com\fasterxml\jackson\core\jackson-databind\2.8.10\jackson-databind-2.8.10.jar;C:\Users\Administrator\.m2\repository\com\fasterxml\jackson\core\jackson-annotations\2.8.0\jackson-annotations-2.8.0.jar;C:\Users\Administrator\.m2\repository\com\fasterxml\jackson\core\jackson-core\2.8.10\jackson-core-2.8.10.jar;C:\Users\Administrator\.m2\repository\org\springframework\spring-web\4.3.13.RELEASE\spring-web-4.3.13.RELEASE.jar;C:\Users\Administrator\.m2\repository\org\springframework\spring-aop\4.3.13.RELEASE\spring-aop-4.3.13.RELEASE.jar;C:\Users\Administrator\.m2\repository\org\springframework\spring-beans\4.3.13.RELEASE\spring-beans-4.3.13.RELEASE.jar;C:\Users\Administrator\.m2\repository\org\springframework\spring-context\4.3.13.RELEASE\spring-context-4.3.13.RELEASE.jar;C:\Users\Administrator\.m2\repository\org\springframework\spring-webmvc\4.3.13.RELEASE\spring-webmvc-4.3.13.RELEASE.jar;C:\Users\Administrator\.m2\repository\org\springframework\spring-expression\4.3.13.RELEASE\spring-expression-4.3.13.RELEASE.jar;C:\Users\Administrator\.m2\repository\org\springframework\boot\spring-boot-starter-test\1.5.9.RELEASE\spring-boot-starter-test-1.5.9.RELEASE.jar;C:\Users\Administrator\.m2\repository\org\springframework\boot\spring-boot-test\1.5.9.RELEASE\spring-boot-test-1.5.9.RELEASE.jar;C:\Users\Administrator\.m2\repository\org\springframework\boot\spring-boot-test-autoconfigure\1.5.9.RELEASE\spring-boot-test-autoconfigure-1.5.9.RELEASE.jar;C:\Users\Administrator\.m2\repository\com\jayway\jsonpath\json-path\2.2.0\json-path-2.2.0.jar;C:\Users\Administrator\.m2\repository\net\minidev\json-smart\2.2.1\json-smart-2.2.1.jar;C:\Users\Administrator\.m2\repository\net\minidev\accessors-smart\1.1\accessors-smart-1.1.jar;C:\Users\Administrator\.m2\repository\org\ow2\asm\asm\5.0.3\asm-5.0.3.jar;C:\Users\Administrator\.m2\repository\org\slf4j\slf4j-api\1.7.25\slf4j-api-1.7.25.jar;C:\Users\Administrator\.m2\repository\junit\junit\4.12\junit-4.12.jar;C:\Users\Administrator\.m2\repository\org\assertj\assertj-core\2.6.0\assertj-core-2.6.0.jar;C:\Users\Administrator\.m2\repository\org\mockito\mockito-core\1.10.19\mockito-core-1.10.19.jar;C:\Users\Administrator\.m2\repository\org\objenesis\objenesis\2.1\objenesis-2.1.jar;C:\Users\Administrator\.m2\repository\org\hamcrest\hamcrest-core\1.3\hamcrest-core-1.3.jar;C:\Users\Administrator\.m2\repository\org\hamcrest\hamcrest-library\1.3\hamcrest-library-1.3.jar;C:\Users\Administrator\.m2\repository\org\skyscreamer\jsonassert\1.4.0\jsonassert-1.4.0.jar;C:\Users\Administrator\.m2\repository\com\vaadin\external\google\android-json\0.0.20131108.vaadin1\android-json-0.0.20131108.vaadin1.jar;C:\Users\Administrator\.m2\repository\org\springframework\spring-core\4.3.13.RELEASE\spring-core-4.3.13.RELEASE.jar;C:\Users\Administrator\.m2\repository\org\springframework\spring-test\4.3.13.RELEASE\spring-test-4.3.13.RELEASE.jar;C:\Users\Administrator\.m2\repository\io\jsonwebtoken\jjwt\0.7.0\jjwt-0.7.0.jar;C:\Users\Administrator\.m2\repository\com\stylefeng\guns-core\1.0.0-SNAPSHOT\guns-core-1.0.0-SNAPSHOT.jar;C:\Users\Administrator\.m2\repository\com\baomidou\mybatisplus-spring-boot-starter\1.0.5\mybatisplus-spring-boot-starter-1.0.5.jar;C:\Users\Administrator\.m2\repository\org\springframework\boot\spring-boot-configuration-processor\1.5.9.RELEASE\spring-boot-configuration-processor-1.5.9.RELEASE.jar;C:\Users\Administrator\.m2\repository\com\baomidou\mybatis-plus\2.1.8\mybatis-plus-2.1.8.jar;C:\Users\Administrator\.m2\repository\com\baomidou\mybatis-plus-support\2.1.8\mybatis-plus-support-2.1.8.jar;C:\Users\Administrator\.m2\repository\com\baomidou\mybatis-plus-core\2.1.8\mybatis-plus-core-2.1.8.jar;C:\Users\Administrator\.m2\repository\com\github\jsqlparser\jsqlparser\1.1\jsqlparser-1.1.jar;C:\Users\Administrator\.m2\repository\org\mybatis\mybatis-spring\1.3.1\mybatis-spring-1.3.1.jar;C:\Users\Administrator\.m2\repository\org\mybatis\mybatis\3.4.5\mybatis-3.4.5.jar;C:\Users\Administrator\.m2\repository\com\baomidou\mybatis-plus-generate\2.1.8\mybatis-plus-generate-2.1.8.jar;C:\Users\Administrator\.m2\repository\org\apache\velocity\velocity\1.7\velocity-1.7.jar;C:\Users\Administrator\.m2\repository\commons-collections\commons-collections\3.2.2\commons-collections-3.2.2.jar;C:\Users\Administrator\.m2\repository\commons-lang\commons-lang\2.4\commons-lang-2.4.jar;C:\Users\Administrator\.m2\repository\mysql\mysql-connector-java\8.0.11\mysql-connector-java-8.0.11.jar;C:\Users\Administrator\.m2\repository\com\google\protobuf\protobuf-java\2.6.0\protobuf-java-2.6.0.jar;C:\Users\Administrator\.m2\repository\org\springframework\boot\spring-boot-starter-jdbc\1.5.9.RELEASE\spring-boot-starter-jdbc-1.5.9.RELEASE.jar;C:\Users\Administrator\.m2\repository\org\apache\tomcat\tomcat-jdbc\8.5.23\tomcat-jdbc-8.5.23.jar;C:\Users\Administrator\.m2\repository\org\apache\tomcat\tomcat-juli\8.5.23\tomcat-juli-8.5.23.jar;C:\Users\Administrator\.m2\repository\org\springframework\spring-jdbc\4.3.13.RELEASE\spring-jdbc-4.3.13.RELEASE.jar;C:\Users\Administrator\.m2\repository\org\springframework\spring-tx\4.3.13.RELEASE\spring-tx-4.3.13.RELEASE.jar;C:\Users\Administrator\.m2\repository\com\alibaba\druid\1.1.6\druid-1.1.6.jar;C:\Users\Administrator\.m2\repository\com\alibaba\fastjson\1.2.44\fastjson-1.2.44.jar;C:\Users\Administrator\.m2\repository\org\apache\commons\commons-lang3\3.6\commons-lang3-3.6.jar;C:\Users\Administrator\.m2\repository\org\apache\poi\poi-ooxml\3.17\poi-ooxml-3.17.jar;C:\Users\Administrator\.m2\repository\org\apache\poi\poi\3.17\poi-3.17.jar;C:\Users\Administrator\.m2\repository\commons-codec\commons-codec\1.10\commons-codec-1.10.jar;C:\Users\Administrator\.m2\repository\org\apache\commons\commons-collections4\4.1\commons-collections4-4.1.jar;C:\Users\Administrator\.m2\repository\org\apache\poi\poi-ooxml-schemas\3.17\poi-ooxml-schemas-3.17.jar;C:\Users\Administrator\.m2\repository\org\apache\xmlbeans\xmlbeans\2.6.0\xmlbeans-2.6.0.jar;C:\Users\Administrator\.m2\repository\stax\stax-api\1.0.1\stax-api-1.0.1.jar;C:\Users\Administrator\.m2\repository\com\github\virtuald\curvesapi\1.04\curvesapi-1.04.jar;C:\Users\Administrator\.m2\repository\org\apache\poi\poi-scratchpad\3.17\poi-scratchpad-3.17.jar;C:\Users\Administrator\.m2\repository\fr\opensagres\xdocreport\fr.opensagres.xdocreport.document\1.0.5\fr.opensagres.xdocreport.document-1.0.5.jar;C:\Users\Administrator\.m2\repository\fr\opensagres\xdocreport\fr.opensagres.xdocreport.core\1.0.5\fr.opensagres.xdocreport.core-1.0.5.jar;C:\Users\Administrator\.m2\repository\fr\opensagres\xdocreport\fr.opensagres.xdocreport.converter\1.0.5\fr.opensagres.xdocreport.converter-1.0.5.jar;C:\Users\Administrator\.m2\repository\fr\opensagres\xdocreport\fr.opensagres.xdocreport.template\1.0.5\fr.opensagres.xdocreport.template-1.0.5.jar;C:\Users\Administrator\.m2\repository\fr\opensagres\xdocreport\org.apache.poi.xwpf.converter.xhtml\1.0.5\org.apache.poi.xwpf.converter.xhtml-1.0.5.jar;C:\Users\Administrator\.m2\repository\fr\opensagres\xdocreport\org.apache.poi.xwpf.converter.core\1.0.5\org.apache.poi.xwpf.converter.core-1.0.5.jar;C:\Users\Administrator\.m2\repository\org\apache\poi\ooxml-schemas\1.1\ooxml-schemas-1.1.jar;C:\Users\Administrator\.m2\repository\de\mhus\ports\ports-javaxmail\1.3.5\ports-javaxmail-1.3.5.jar;C:\Users\Administrator\.m2\repository\org\osgi\org.osgi.compendium\5.0.0\org.osgi.compendium-5.0.0.jar;C:\Users\Administrator\.m2\repository\biz\aQute\bndlib\1.50.0\bndlib-1.50.0.jar;C:\Users\Administrator\.m2\repository\javax\mail\mail\1.4.1\mail-1.4.1.jar;C:\Users\Administrator\.m2\repository\javax\activation\activation\1.1.1\activation-1.1.1.jar;C:\Users\Administrator\.m2\repository\net\coobird\thumbnailator\0.4.8\thumbnailator-0.4.8.jar;C:\Users\Administrator\.m2\repository\commons-beanutils\commons-beanutils\1.9.2\commons-beanutils-1.9.2.jar;C:\Users\Administrator\.m2\repository\commons-logging\commons-logging\1.2\commons-logging-1.2.jar;, user.name=Administrator, java.vm.specification.version=1.8, sun.java.command=F:\qyw\guns-rest\target\surefire\surefirebooter3836265779371738923.jar F:\qyw\guns-rest\target\surefire\surefire1731690905214999126tmp F:\qyw\guns-rest\target\surefire\surefire_04488866078972656346tmp, java.home=E:\SDK\jdk1.8.0_11\jre, sun.arch.data.model=64, user.language=zh, java.specification.vendor=Oracle Corporation, awt.toolkit=sun.awt.windows.WToolkit, java.vm.info=mixed mode, java.version=1.8.0_11, java.ext.dirs=E:\SDK\jdk1.8.0_11\jre\lib\ext;C:\Windows\Sun\Java\lib\ext, sun.boot.class.path=E:\SDK\jdk1.8.0_11\jre\lib\resources.jar;E:\SDK\jdk1.8.0_11\jre\lib\rt.jar;E:\SDK\jdk1.8.0_11\jre\lib\sunrsasign.jar;E:\SDK\jdk1.8.0_11\jre\lib\jsse.jar;E:\SDK\jdk1.8.0_11\jre\lib\jce.jar;E:\SDK\jdk1.8.0_11\jre\lib\charsets.jar;E:\SDK\jdk1.8.0_11\jre\lib\jfr.jar;E:\SDK\jdk1.8.0_11\jre\classes, java.vendor=Oracle Corporation, localRepository=C:\Users\Administrator\.m2\repository, file.separator=\, java.vendor.url.bug=http://bugreport.sun.com/bugreport/, sun.io.unicode.encoding=UnicodeLittle, sun.cpu.endian=little, sun.desktop=windows, sun.cpu.isalist=amd64}}, SystemEnvironmentPropertySource@917819120 {name='systemEnvironment', properties={PATH=C:\Windows\system32;C:\Windows;C:\Windows\System32\Wbem;C:\Windows\System32\WindowsPowerShell\v1.0\;C:\Windows\System32\OpenSSH\;E:\SDK\jdk1.8.0_11\bin;C:\Program Files\TortoiseSVN\bin;D:\SDK\mysql-5.7.31-winx64\bin;D:\SDK\redis\;C:\Users\Administrator\AppData\Local\Microsoft\WindowsApps;;C:\Program Files\JetBrains\IntelliJ IDEA 2021.3.2\bin;, USERDOMAIN_ROAMINGPROFILE=WIN-65LI41ARNT6, LOCALAPPDATA=C:\Users\Administrator\AppData\Local, PROCESSOR_LEVEL=6, SYSTEMDRIVE=C:, COMMONPROGRAMFILES(X86)=C:\Program Files (x86)\Common Files, USERDOMAIN=WIN-65LI41ARNT6, LOGONSERVER=\\WIN-65LI41ARNT6, PROMPT=$P$G, SESSIONNAME=Console, ALLUSERSPROFILE=C:\ProgramData, PROGRAMFILES(X86)=C:\Program Files (x86), PROCESSOR_ARCHITECTURE=AMD64, DRIVERDATA=C:\Windows\System32\Drivers\DriverData, INTELLIJ IDEA=C:\Program Files\JetBrains\IntelliJ IDEA 2021.3.2\bin;, PROGRAMFILES=C:\Program Files, APPDATA=C:\Users\Administrator\AppData\Roaming, PSMODULEPATH=C:\Program Files\WindowsPowerShell\Modules;C:\Windows\system32\WindowsPowerShell\v1.0\Modules, PROGRAMW6432=C:\Program Files, PROGRAMDATA=C:\ProgramData, SYSTEMROOT=C:\Windows, USERNAME=Administrator, PATHEXT=.COM;.EXE;.BAT;.CMD;.VBS;.VBE;.JS;.JSE;.WSF;.WSH;.MSC, OS=Windows_NT, COMMONPROGRAMW6432=C:\Program Files\Common Files, COMPUTERNAME=WIN-65LI41ARNT6, COMMONPROGRAMFILES=C:\Program Files\Common Files, COMSPEC=C:\Windows\system32\cmd.exe, PROCESSOR_REVISION=a503, WINDIR=C:\Windows, =F:=F:\qyw\guns-rest, HOMEPATH=\Users\Administrator, TEMP=C:\Users\Administrator\AppData\Local\Temp, HOMEDRIVE=C:, PROCESSOR_IDENTIFIER=Intel64 Family 6 Model 165 Stepping 3, GenuineIntel, USERPROFILE=C:\Users\Administrator, TMP=C:\Users\Administrator\AppData\Local\Temp, PUBLIC=C:\Users\Public, NUMBER_OF_PROCESSORS=12, =::=::\, IDEA_INITIAL_DIRECTORY=C:\Users\Administrator\Desktop, ZES_ENABLE_SYSMAN=1}}]
22:11:52.675 [main] DEBUG org.springframework.core.io.support.PathMatchingResourcePatternResolver - Resolved classpath location [com/stylefeng/guns/] to resources [URL [file:/F:/qyw/guns-rest/target/test-classes/com/stylefeng/guns/], URL [file:/F:/qyw/guns-rest/target/classes/com/stylefeng/guns/], URL [jar:file:/C:/Users/Administrator/.m2/repository/com/stylefeng/guns-core/1.0.0-SNAPSHOT/guns-core-1.0.0-SNAPSHOT.jar!/com/stylefeng/guns/]]
22:11:52.675 [main] DEBUG org.springframework.core.io.support.PathMatchingResourcePatternResolver - Looking for matching resources in directory tree [F:\qyw\guns-rest\target\test-classes\com\stylefeng\guns]
22:11:52.675 [main] DEBUG org.springframework.core.io.support.PathMatchingResourcePatternResolver - Searching directory [F:\qyw\guns-rest\target\test-classes\com\stylefeng\guns] for files matching pattern [F:/qyw/guns-rest/target/test-classes/com/stylefeng/guns/*.class]
22:11:52.678 [main] DEBUG org.springframework.core.io.support.PathMatchingResourcePatternResolver - Looking for matching resources in directory tree [F:\qyw\guns-rest\target\classes\com\stylefeng\guns]
22:11:52.678 [main] DEBUG org.springframework.core.io.support.PathMatchingResourcePatternResolver - Searching directory [F:\qyw\guns-rest\target\classes\com\stylefeng\guns] for files matching pattern [F:/qyw/guns-rest/target/classes/com/stylefeng/guns/*.class]
22:11:52.678 [main] DEBUG org.springframework.core.io.support.PathMatchingResourcePatternResolver - Looking for matching resources in jar file [file:/C:/Users/Administrator/.m2/repository/com/stylefeng/guns-core/1.0.0-SNAPSHOT/guns-core-1.0.0-SNAPSHOT.jar]
22:11:52.681 [main] DEBUG org.springframework.core.io.support.PathMatchingResourcePatternResolver - Resolved location pattern [classpath*:com/stylefeng/guns/*.class] to resources [file [F:\qyw\guns-rest\target\test-classes\com\stylefeng\guns\GunsRestApplicationTests.class]]
22:11:52.692 [main] DEBUG org.springframework.core.io.support.PathMatchingResourcePatternResolver - Resolved classpath location [com/stylefeng/] to resources [URL [file:/F:/qyw/guns-rest/target/test-classes/com/stylefeng/], URL [file:/F:/qyw/guns-rest/target/classes/com/stylefeng/], URL [jar:file:/C:/Users/Administrator/.m2/repository/com/stylefeng/guns-core/1.0.0-SNAPSHOT/guns-core-1.0.0-SNAPSHOT.jar!/com/stylefeng/]]
22:11:52.692 [main] DEBUG org.springframework.core.io.support.PathMatchingResourcePatternResolver - Looking for matching resources in directory tree [F:\qyw\guns-rest\target\test-classes\com\stylefeng]
22:11:52.692 [main] DEBUG org.springframework.core.io.support.PathMatchingResourcePatternResolver - Searching directory [F:\qyw\guns-rest\target\test-classes\com\stylefeng] for files matching pattern [F:/qyw/guns-rest/target/test-classes/com/stylefeng/*.class]
22:11:52.693 [main] DEBUG org.springframework.core.io.support.PathMatchingResourcePatternResolver - Looking for matching resources in directory tree [F:\qyw\guns-rest\target\classes\com\stylefeng]
22:11:52.693 [main] DEBUG org.springframework.core.io.support.PathMatchingResourcePatternResolver - Searching directory [F:\qyw\guns-rest\target\classes\com\stylefeng] for files matching pattern [F:/qyw/guns-rest/target/classes/com/stylefeng/*.class]
22:11:52.693 [main] DEBUG org.springframework.core.io.support.PathMatchingResourcePatternResolver - Looking for matching resources in jar file [file:/C:/Users/Administrator/.m2/repository/com/stylefeng/guns-core/1.0.0-SNAPSHOT/guns-core-1.0.0-SNAPSHOT.jar]
22:11:52.694 [main] DEBUG org.springframework.core.io.support.PathMatchingResourcePatternResolver - Resolved location pattern [classpath*:com/stylefeng/*.class] to resources []
22:11:52.695 [main] DEBUG org.springframework.core.io.support.PathMatchingResourcePatternResolver - Resolved classpath location [com/] to resources [URL [file:/F:/qyw/guns-rest/target/test-classes/com/], URL [file:/F:/qyw/guns-rest/target/classes/com/], URL [jar:file:/C:/Users/Administrator/.m2/repository/com/fasterxml/classmate/1.3.4/classmate-1.3.4.jar!/com/], URL [jar:file:/C:/Users/Administrator/.m2/repository/com/fasterxml/jackson/core/jackson-databind/2.8.10/jackson-databind-2.8.10.jar!/com/], URL [jar:file:/C:/Users/Administrator/.m2/repository/com/fasterxml/jackson/core/jackson-annotations/2.8.0/jackson-annotations-2.8.0.jar!/com/], URL [jar:file:/C:/Users/Administrator/.m2/repository/com/fasterxml/jackson/core/jackson-core/2.8.10/jackson-core-2.8.10.jar!/com/], URL [jar:file:/C:/Users/Administrator/.m2/repository/com/jayway/jsonpath/json-path/2.2.0/json-path-2.2.0.jar!/com/], URL [jar:file:/C:/Users/Administrator/.m2/repository/com/stylefeng/guns-core/1.0.0-SNAPSHOT/guns-core-1.0.0-SNAPSHOT.jar!/com/], URL [jar:file:/C:/Users/Administrator/.m2/repository/com/baomidou/mybatisplus-spring-boot-starter/1.0.5/mybatisplus-spring-boot-starter-1.0.5.jar!/com/], URL [jar:file:/C:/Users/Administrator/.m2/repository/com/baomidou/mybatis-plus-support/2.1.8/mybatis-plus-support-2.1.8.jar!/com/], URL [jar:file:/C:/Users/Administrator/.m2/repository/com/baomidou/mybatis-plus-core/2.1.8/mybatis-plus-core-2.1.8.jar!/com/], URL [jar:file:/C:/Users/Administrator/.m2/repository/com/baomidou/mybatis-plus-generate/2.1.8/mybatis-plus-generate-2.1.8.jar!/com/], URL [jar:file:/C:/Users/Administrator/.m2/repository/mysql/mysql-connector-java/8.0.11/mysql-connector-java-8.0.11.jar!/com/], URL [jar:file:/C:/Users/Administrator/.m2/repository/com/google/protobuf/protobuf-java/2.6.0/protobuf-java-2.6.0.jar!/com/], URL [jar:file:/C:/Users/Administrator/.m2/repository/com/alibaba/druid/1.1.6/druid-1.1.6.jar!/com/], URL [jar:file:/C:/Users/Administrator/.m2/repository/com/alibaba/fastjson/1.2.44/fastjson-1.2.44.jar!/com/], URL [jar:file:/C:/Users/Administrator/.m2/repository/org/apache/poi/poi-ooxml-schemas/3.17/poi-ooxml-schemas-3.17.jar!/com/], URL [jar:file:/C:/Users/Administrator/.m2/repository/com/github/virtuald/curvesapi/1.04/curvesapi-1.04.jar!/com/], URL [jar:file:/C:/Users/Administrator/.m2/repository/javax/mail/mail/1.4.1/mail-1.4.1.jar!/com/], URL [jar:file:/C:/Users/Administrator/.m2/repository/javax/activation/activation/1.1.1/activation-1.1.1.jar!/com/]]
22:11:52.695 [main] DEBUG org.springframework.core.io.support.PathMatchingResourcePatternResolver - Looking for matching resources in directory tree [F:\qyw\guns-rest\target\test-classes\com]
22:11:52.696 [main] DEBUG org.springframework.core.io.support.PathMatchingResourcePatternResolver - Searching directory [F:\qyw\guns-rest\target\test-classes\com] for files matching pattern [F:/qyw/guns-rest/target/test-classes/com/*.class]
22:11:52.696 [main] DEBUG org.springframework.core.io.support.PathMatchingResourcePatternResolver - Looking for matching resources in directory tree [F:\qyw\guns-rest\target\classes\com]
22:11:52.696 [main] DEBUG org.springframework.core.io.support.PathMatchingResourcePatternResolver - Searching directory [F:\qyw\guns-rest\target\classes\com] for files matching pattern [F:/qyw/guns-rest/target/classes/com/*.class]
22:11:52.696 [main] DEBUG org.springframework.core.io.support.PathMatchingResourcePatternResolver - Looking for matching resources in jar file [file:/C:/Users/Administrator/.m2/repository/com/fasterxml/classmate/1.3.4/classmate-1.3.4.jar]
22:11:52.697 [main] DEBUG org.springframework.core.io.support.PathMatchingResourcePatternResolver - Looking for matching resources in jar file [file:/C:/Users/Administrator/.m2/repository/com/fasterxml/jackson/core/jackson-databind/2.8.10/jackson-databind-2.8.10.jar]
22:11:52.702 [main] DEBUG org.springframework.core.io.support.PathMatchingResourcePatternResolver - Looking for matching resources in jar file [file:/C:/Users/Administrator/.m2/repository/com/fasterxml/jackson/core/jackson-annotations/2.8.0/jackson-annotations-2.8.0.jar]
22:11:52.703 [main] DEBUG org.springframework.core.io.support.PathMatchingResourcePatternResolver - Looking for matching resources in jar file [file:/C:/Users/Administrator/.m2/repository/com/fasterxml/jackson/core/jackson-core/2.8.10/jackson-core-2.8.10.jar]
22:11:52.704 [main] DEBUG org.springframework.core.io.support.PathMatchingResourcePatternResolver - Looking for matching resources in jar file [file:/C:/Users/Administrator/.m2/repository/com/jayway/jsonpath/json-path/2.2.0/json-path-2.2.0.jar]
22:11:52.705 [main] DEBUG org.springframework.core.io.support.PathMatchingResourcePatternResolver - Looking for matching resources in jar file [file:/C:/Users/Administrator/.m2/repository/com/stylefeng/guns-core/1.0.0-SNAPSHOT/guns-core-1.0.0-SNAPSHOT.jar]
22:11:52.705 [main] DEBUG org.springframework.core.io.support.PathMatchingResourcePatternResolver - Looking for matching resources in jar file [file:/C:/Users/Administrator/.m2/repository/com/baomidou/mybatisplus-spring-boot-starter/1.0.5/mybatisplus-spring-boot-starter-1.0.5.jar]
22:11:52.706 [main] DEBUG org.springframework.core.io.support.PathMatchingResourcePatternResolver - Looking for matching resources in jar file [file:/C:/Users/Administrator/.m2/repository/com/baomidou/mybatis-plus-support/2.1.8/mybatis-plus-support-2.1.8.jar]
22:11:52.706 [main] DEBUG org.springframework.core.io.support.PathMatchingResourcePatternResolver - Looking for matching resources in jar file [file:/C:/Users/Administrator/.m2/repository/com/baomidou/mybatis-plus-core/2.1.8/mybatis-plus-core-2.1.8.jar]
22:11:52.706 [main] DEBUG org.springframework.core.io.support.PathMatchingResourcePatternResolver - Looking for matching resources in jar file [file:/C:/Users/Administrator/.m2/repository/com/baomidou/mybatis-plus-generate/2.1.8/mybatis-plus-generate-2.1.8.jar]
22:11:52.707 [main] DEBUG org.springframework.core.io.support.PathMatchingResourcePatternResolver - Looking for matching resources in jar file [file:/C:/Users/Administrator/.m2/repository/mysql/mysql-connector-java/8.0.11/mysql-connector-java-8.0.11.jar]
22:11:52.710 [main] DEBUG org.springframework.core.io.support.PathMatchingResourcePatternResolver - Looking for matching resources in jar file [file:/C:/Users/Administrator/.m2/repository/com/google/protobuf/protobuf-java/2.6.0/protobuf-java-2.6.0.jar]
22:11:52.711 [main] DEBUG org.springframework.core.io.support.PathMatchingResourcePatternResolver - Looking for matching resources in jar file [file:/C:/Users/Administrator/.m2/repository/com/alibaba/druid/1.1.6/druid-1.1.6.jar]
22:11:52.715 [main] DEBUG org.springframework.core.io.support.PathMatchingResourcePatternResolver - Looking for matching resources in jar file [file:/C:/Users/Administrator/.m2/repository/com/alibaba/fastjson/1.2.44/fastjson-1.2.44.jar]
22:11:52.716 [main] DEBUG org.springframework.core.io.support.PathMatchingResourcePatternResolver - Looking for matching resources in jar file [file:/C:/Users/Administrator/.m2/repository/org/apache/poi/poi-ooxml-schemas/3.17/poi-ooxml-schemas-3.17.jar]
22:11:52.725 [main] DEBUG org.springframework.core.io.support.PathMatchingResourcePatternResolver - Looking for matching resources in jar file [file:/C:/Users/Administrator/.m2/repository/com/github/virtuald/curvesapi/1.04/curvesapi-1.04.jar]
22:11:52.726 [main] DEBUG org.springframework.core.io.support.PathMatchingResourcePatternResolver - Looking for matching resources in jar file [file:/C:/Users/Administrator/.m2/repository/javax/mail/mail/1.4.1/mail-1.4.1.jar]
22:11:52.726 [main] DEBUG org.springframework.core.io.support.PathMatchingResourcePatternResolver - Looking for matching resources in jar file [file:/C:/Users/Administrator/.m2/repository/javax/activation/activation/1.1.1/activation-1.1.1.jar]
22:11:52.727 [main] DEBUG org.springframework.core.io.support.PathMatchingResourcePatternResolver - Resolved location pattern [classpath*:com/*.class] to resources []
22:11:52.729 [main] DEBUG org.springframework.test.context.junit4.SpringJUnit4ClassRunner - SpringJUnit4ClassRunner constructor called with [class com.stylefeng.guns.GunsRestApplicationTests]
22:11:52.729 [main] DEBUG org.springframework.test.context.BootstrapUtils - Instantiating CacheAwareContextLoaderDelegate from class [org.springframework.test.context.cache.DefaultCacheAwareContextLoaderDelegate]
22:11:52.730 [main] DEBUG org.springframework.test.context.BootstrapUtils - Instantiating BootstrapContext using constructor [public org.springframework.test.context.support.DefaultBootstrapContext(java.lang.Class,org.springframework.test.context.CacheAwareContextLoaderDelegate)]
22:11:52.730 [main] DEBUG org.springframework.test.context.BootstrapUtils - Instantiating TestContextBootstrapper for test class [com.stylefeng.guns.GunsRestApplicationTests] from class [org.springframework.boot.test.context.SpringBootTestContextBootstrapper]
22:11:52.730 [main] INFO org.springframework.boot.test.context.SpringBootTestContextBootstrapper - Neither @ContextConfiguration nor @ContextHierarchy found for test class [com.stylefeng.guns.GunsRestApplicationTests], using SpringBootContextLoader
22:11:52.731 [main] DEBUG org.springframework.test.context.support.AbstractContextLoader - Did not detect default resource location for test class [com.stylefeng.guns.GunsRestApplicationTests]: class path resource [com/stylefeng/guns/GunsRestApplicationTests-context.xml] does not exist
22:11:52.731 [main] DEBUG org.springframework.test.context.support.AbstractContextLoader - Did not detect default resource location for test class [com.stylefeng.guns.GunsRestApplicationTests]: class path resource [com/stylefeng/guns/GunsRestApplicationTestsContext.groovy] does not exist
22:11:52.731 [main] INFO org.springframework.test.context.support.AbstractContextLoader - Could not detect default resource locations for test class [com.stylefeng.guns.GunsRestApplicationTests]: no resource found for suffixes {-context.xml, Context.groovy}.
22:11:52.731 [main] INFO org.springframework.test.context.support.AnnotationConfigContextLoaderUtils - Could not detect default configuration classes for test class [com.stylefeng.guns.GunsRestApplicationTests]: GunsRestApplicationTests does not declare any static, non-private, non-final, nested classes annotated with @Configuration.
22:11:52.735 [main] DEBUG org.springframework.test.context.support.ActiveProfilesUtils - Could not find an 'annotation declaring class' for annotation type [org.springframework.test.context.ActiveProfiles] and class [com.stylefeng.guns.GunsRestApplicationTests]
22:11:52.735 [main] DEBUG org.springframework.core.env.StandardEnvironment - Adding PropertySource 'systemProperties' with lowest search precedence
22:11:52.735 [main] DEBUG org.springframework.core.env.StandardEnvironment - Adding PropertySource 'systemEnvironment' with lowest search precedence
22:11:52.735 [main] DEBUG org.springframework.core.env.StandardEnvironment - Initialized StandardEnvironment with PropertySources [MapPropertySource@1684015092 {name='systemProperties', properties={idea.version=2021.3.2, java.runtime.name=Java(TM) SE Runtime Environment, sun.boot.library.path=E:\SDK\jdk1.8.0_11\jre\bin, java.vm.version=25.11-b03, java.vm.vendor=Oracle Corporation, java.vendor.url=http://java.oracle.com/, path.separator=;, java.vm.name=Java HotSpot(TM) 64-Bit Server VM, file.encoding.pkg=sun.io, user.country=CN, user.script=, sun.java.launcher=SUN_STANDARD, sun.os.patch.level=, java.vm.specification.name=Java Virtual Machine Specification, user.dir=F:\qyw\guns-rest, java.runtime.version=1.8.0_11-b12, basedir=F:\qyw\guns-rest, java.awt.graphicsenv=sun.awt.Win32GraphicsEnvironment, java.endorsed.dirs=E:\SDK\jdk1.8.0_11\jre\lib\endorsed, os.arch=amd64, surefire.real.class.path=F:\qyw\guns-rest\target\surefire\surefirebooter3836265779371738923.jar, java.io.tmpdir=C:\Users\Administrator\AppData\Local\Temp\, line.separator=
, java.vm.specification.vendor=Oracle Corporation, user.variant=, os.name=Windows 8.1, sun.jnu.encoding=GBK, java.library.path=E:\SDK\jdk1.8.0_11\jre\bin;C:\Windows\Sun\Java\bin;C:\Windows\system32;C:\Windows;C:\Windows\system32;C:\Windows;C:\Windows\System32\Wbem;C:\Windows\System32\WindowsPowerShell\v1.0\;C:\Windows\System32\OpenSSH\;E:\SDK\jdk1.8.0_11\bin;C:\Program Files\TortoiseSVN\bin;D:\SDK\mysql-5.7.31-winx64\bin;D:\SDK\redis\;C:\Users\Administrator\AppData\Local\Microsoft\WindowsApps;;C:\Program Files\JetBrains\IntelliJ IDEA 2021.3.2\bin;;., surefire.test.class.path=F:\qyw\guns-rest\target\test-classes;F:\qyw\guns-rest\target\classes;C:\Users\Administrator\.m2\repository\org\springframework\boot\spring-boot-starter-web\1.5.9.RELEASE\spring-boot-starter-web-1.5.9.RELEASE.jar;C:\Users\Administrator\.m2\repository\org\springframework\boot\spring-boot-starter\1.5.9.RELEASE\spring-boot-starter-1.5.9.RELEASE.jar;C:\Users\Administrator\.m2\repository\org\springframework\boot\spring-boot\1.5.9.RELEASE\spring-boot-1.5.9.RELEASE.jar;C:\Users\Administrator\.m2\repository\org\springframework\boot\spring-boot-autoconfigure\1.5.9.RELEASE\spring-boot-autoconfigure-1.5.9.RELEASE.jar;C:\Users\Administrator\.m2\repository\org\springframework\boot\spring-boot-starter-logging\1.5.9.RELEASE\spring-boot-starter-logging-1.5.9.RELEASE.jar;C:\Users\Administrator\.m2\repository\ch\qos\logback\logback-classic\1.1.11\logback-classic-1.1.11.jar;C:\Users\Administrator\.m2\repository\ch\qos\logback\logback-core\1.1.11\logback-core-1.1.11.jar;C:\Users\Administrator\.m2\repository\org\slf4j\jcl-over-slf4j\1.7.25\jcl-over-slf4j-1.7.25.jar;C:\Users\Administrator\.m2\repository\org\slf4j\jul-to-slf4j\1.7.25\jul-to-slf4j-1.7.25.jar;C:\Users\Administrator\.m2\repository\org\slf4j\log4j-over-slf4j\1.7.25\log4j-over-slf4j-1.7.25.jar;C:\Users\Administrator\.m2\repository\org\yaml\snakeyaml\1.17\snakeyaml-1.17.jar;C:\Users\Administrator\.m2\repository\org\springframework\boot\spring-boot-starter-tomcat\1.5.9.RELEASE\spring-boot-starter-tomcat-1.5.9.RELEASE.jar;C:\Users\Administrator\.m2\repository\org\apache\tomcat\embed\tomcat-embed-core\8.5.23\tomcat-embed-core-8.5.23.jar;C:\Users\Administrator\.m2\repository\org\apache\tomcat\tomcat-annotations-api\8.5.23\tomcat-annotations-api-8.5.23.jar;C:\Users\Administrator\.m2\repository\org\apache\tomcat\embed\tomcat-embed-el\8.5.23\tomcat-embed-el-8.5.23.jar;C:\Users\Administrator\.m2\repository\org\apache\tomcat\embed\tomcat-embed-websocket\8.5.23\tomcat-embed-websocket-8.5.23.jar;C:\Users\Administrator\.m2\repository\org\hibernate\hibernate-validator\5.3.6.Final\hibernate-validator-5.3.6.Final.jar;C:\Users\Administrator\.m2\repository\javax\validation\validation-api\1.1.0.Final\validation-api-1.1.0.Final.jar;C:\Users\Administrator\.m2\repository\org\jboss\logging\jboss-logging\3.3.1.Final\jboss-logging-3.3.1.Final.jar;C:\Users\Administrator\.m2\repository\com\fasterxml\classmate\1.3.4\classmate-1.3.4.jar;C:\Users\Administrator\.m2\repository\com\fasterxml\jackson\core\jackson-databind\2.8.10\jackson-databind-2.8.10.jar;C:\Users\Administrator\.m2\repository\com\fasterxml\jackson\core\jackson-annotations\2.8.0\jackson-annotations-2.8.0.jar;C:\Users\Administrator\.m2\repository\com\fasterxml\jackson\core\jackson-core\2.8.10\jackson-core-2.8.10.jar;C:\Users\Administrator\.m2\repository\org\springframework\spring-web\4.3.13.RELEASE\spring-web-4.3.13.RELEASE.jar;C:\Users\Administrator\.m2\repository\org\springframework\spring-aop\4.3.13.RELEASE\spring-aop-4.3.13.RELEASE.jar;C:\Users\Administrator\.m2\repository\org\springframework\spring-beans\4.3.13.RELEASE\spring-beans-4.3.13.RELEASE.jar;C:\Users\Administrator\.m2\repository\org\springframework\spring-context\4.3.13.RELEASE\spring-context-4.3.13.RELEASE.jar;C:\Users\Administrator\.m2\repository\org\springframework\spring-webmvc\4.3.13.RELEASE\spring-webmvc-4.3.13.RELEASE.jar;C:\Users\Administrator\.m2\repository\org\springframework\spring-expression\4.3.13.RELEASE\spring-expression-4.3.13.RELEASE.jar;C:\Users\Administrator\.m2\repository\org\springframework\boot\spring-boot-starter-test\1.5.9.RELEASE\spring-boot-starter-test-1.5.9.RELEASE.jar;C:\Users\Administrator\.m2\repository\org\springframework\boot\spring-boot-test\1.5.9.RELEASE\spring-boot-test-1.5.9.RELEASE.jar;C:\Users\Administrator\.m2\repository\org\springframework\boot\spring-boot-test-autoconfigure\1.5.9.RELEASE\spring-boot-test-autoconfigure-1.5.9.RELEASE.jar;C:\Users\Administrator\.m2\repository\com\jayway\jsonpath\json-path\2.2.0\json-path-2.2.0.jar;C:\Users\Administrator\.m2\repository\net\minidev\json-smart\2.2.1\json-smart-2.2.1.jar;C:\Users\Administrator\.m2\repository\net\minidev\accessors-smart\1.1\accessors-smart-1.1.jar;C:\Users\Administrator\.m2\repository\org\ow2\asm\asm\5.0.3\asm-5.0.3.jar;C:\Users\Administrator\.m2\repository\org\slf4j\slf4j-api\1.7.25\slf4j-api-1.7.25.jar;C:\Users\Administrator\.m2\repository\junit\junit\4.12\junit-4.12.jar;C:\Users\Administrator\.m2\repository\org\assertj\assertj-core\2.6.0\assertj-core-2.6.0.jar;C:\Users\Administrator\.m2\repository\org\mockito\mockito-core\1.10.19\mockito-core-1.10.19.jar;C:\Users\Administrator\.m2\repository\org\objenesis\objenesis\2.1\objenesis-2.1.jar;C:\Users\Administrator\.m2\repository\org\hamcrest\hamcrest-core\1.3\hamcrest-core-1.3.jar;C:\Users\Administrator\.m2\repository\org\hamcrest\hamcrest-library\1.3\hamcrest-library-1.3.jar;C:\Users\Administrator\.m2\repository\org\skyscreamer\jsonassert\1.4.0\jsonassert-1.4.0.jar;C:\Users\Administrator\.m2\repository\com\vaadin\external\google\android-json\0.0.20131108.vaadin1\android-json-0.0.20131108.vaadin1.jar;C:\Users\Administrator\.m2\repository\org\springframework\spring-core\4.3.13.RELEASE\spring-core-4.3.13.RELEASE.jar;C:\Users\Administrator\.m2\repository\org\springframework\spring-test\4.3.13.RELEASE\spring-test-4.3.13.RELEASE.jar;C:\Users\Administrator\.m2\repository\io\jsonwebtoken\jjwt\0.7.0\jjwt-0.7.0.jar;C:\Users\Administrator\.m2\repository\com\stylefeng\guns-core\1.0.0-SNAPSHOT\guns-core-1.0.0-SNAPSHOT.jar;C:\Users\Administrator\.m2\repository\com\baomidou\mybatisplus-spring-boot-starter\1.0.5\mybatisplus-spring-boot-starter-1.0.5.jar;C:\Users\Administrator\.m2\repository\org\springframework\boot\spring-boot-configuration-processor\1.5.9.RELEASE\spring-boot-configuration-processor-1.5.9.RELEASE.jar;C:\Users\Administrator\.m2\repository\com\baomidou\mybatis-plus\2.1.8\mybatis-plus-2.1.8.jar;C:\Users\Administrator\.m2\repository\com\baomidou\mybatis-plus-support\2.1.8\mybatis-plus-support-2.1.8.jar;C:\Users\Administrator\.m2\repository\com\baomidou\mybatis-plus-core\2.1.8\mybatis-plus-core-2.1.8.jar;C:\Users\Administrator\.m2\repository\com\github\jsqlparser\jsqlparser\1.1\jsqlparser-1.1.jar;C:\Users\Administrator\.m2\repository\org\mybatis\mybatis-spring\1.3.1\mybatis-spring-1.3.1.jar;C:\Users\Administrator\.m2\repository\org\mybatis\mybatis\3.4.5\mybatis-3.4.5.jar;C:\Users\Administrator\.m2\repository\com\baomidou\mybatis-plus-generate\2.1.8\mybatis-plus-generate-2.1.8.jar;C:\Users\Administrator\.m2\repository\org\apache\velocity\velocity\1.7\velocity-1.7.jar;C:\Users\Administrator\.m2\repository\commons-collections\commons-collections\3.2.2\commons-collections-3.2.2.jar;C:\Users\Administrator\.m2\repository\commons-lang\commons-lang\2.4\commons-lang-2.4.jar;C:\Users\Administrator\.m2\repository\mysql\mysql-connector-java\8.0.11\mysql-connector-java-8.0.11.jar;C:\Users\Administrator\.m2\repository\com\google\protobuf\protobuf-java\2.6.0\protobuf-java-2.6.0.jar;C:\Users\Administrator\.m2\repository\org\springframework\boot\spring-boot-starter-jdbc\1.5.9.RELEASE\spring-boot-starter-jdbc-1.5.9.RELEASE.jar;C:\Users\Administrator\.m2\repository\org\apache\tomcat\tomcat-jdbc\8.5.23\tomcat-jdbc-8.5.23.jar;C:\Users\Administrator\.m2\repository\org\apache\tomcat\tomcat-juli\8.5.23\tomcat-juli-8.5.23.jar;C:\Users\Administrator\.m2\repository\org\springframework\spring-jdbc\4.3.13.RELEASE\spring-jdbc-4.3.13.RELEASE.jar;C:\Users\Administrator\.m2\repository\org\springframework\spring-tx\4.3.13.RELEASE\spring-tx-4.3.13.RELEASE.jar;C:\Users\Administrator\.m2\repository\com\alibaba\druid\1.1.6\druid-1.1.6.jar;C:\Users\Administrator\.m2\repository\com\alibaba\fastjson\1.2.44\fastjson-1.2.44.jar;C:\Users\Administrator\.m2\repository\org\apache\commons\commons-lang3\3.6\commons-lang3-3.6.jar;C:\Users\Administrator\.m2\repository\org\apache\poi\poi-ooxml\3.17\poi-ooxml-3.17.jar;C:\Users\Administrator\.m2\repository\org\apache\poi\poi\3.17\poi-3.17.jar;C:\Users\Administrator\.m2\repository\commons-codec\commons-codec\1.10\commons-codec-1.10.jar;C:\Users\Administrator\.m2\repository\org\apache\commons\commons-collections4\4.1\commons-collections4-4.1.jar;C:\Users\Administrator\.m2\repository\org\apache\poi\poi-ooxml-schemas\3.17\poi-ooxml-schemas-3.17.jar;C:\Users\Administrator\.m2\repository\org\apache\xmlbeans\xmlbeans\2.6.0\xmlbeans-2.6.0.jar;C:\Users\Administrator\.m2\repository\stax\stax-api\1.0.1\stax-api-1.0.1.jar;C:\Users\Administrator\.m2\repository\com\github\virtuald\curvesapi\1.04\curvesapi-1.04.jar;C:\Users\Administrator\.m2\repository\org\apache\poi\poi-scratchpad\3.17\poi-scratchpad-3.17.jar;C:\Users\Administrator\.m2\repository\fr\opensagres\xdocreport\fr.opensagres.xdocreport.document\1.0.5\fr.opensagres.xdocreport.document-1.0.5.jar;C:\Users\Administrator\.m2\repository\fr\opensagres\xdocreport\fr.opensagres.xdocreport.core\1.0.5\fr.opensagres.xdocreport.core-1.0.5.jar;C:\Users\Administrator\.m2\repository\fr\opensagres\xdocreport\fr.opensagres.xdocreport.converter\1.0.5\fr.opensagres.xdocreport.converter-1.0.5.jar;C:\Users\Administrator\.m2\repository\fr\opensagres\xdocreport\fr.opensagres.xdocreport.template\1.0.5\fr.opensagres.xdocreport.template-1.0.5.jar;C:\Users\Administrator\.m2\repository\fr\opensagres\xdocreport\org.apache.poi.xwpf.converter.xhtml\1.0.5\org.apache.poi.xwpf.converter.xhtml-1.0.5.jar;C:\Users\Administrator\.m2\repository\fr\opensagres\xdocreport\org.apache.poi.xwpf.converter.core\1.0.5\org.apache.poi.xwpf.converter.core-1.0.5.jar;C:\Users\Administrator\.m2\repository\org\apache\poi\ooxml-schemas\1.1\ooxml-schemas-1.1.jar;C:\Users\Administrator\.m2\repository\de\mhus\ports\ports-javaxmail\1.3.5\ports-javaxmail-1.3.5.jar;C:\Users\Administrator\.m2\repository\org\osgi\org.osgi.compendium\5.0.0\org.osgi.compendium-5.0.0.jar;C:\Users\Administrator\.m2\repository\biz\aQute\bndlib\1.50.0\bndlib-1.50.0.jar;C:\Users\Administrator\.m2\repository\javax\mail\mail\1.4.1\mail-1.4.1.jar;C:\Users\Administrator\.m2\repository\javax\activation\activation\1.1.1\activation-1.1.1.jar;C:\Users\Administrator\.m2\repository\net\coobird\thumbnailator\0.4.8\thumbnailator-0.4.8.jar;C:\Users\Administrator\.m2\repository\commons-beanutils\commons-beanutils\1.9.2\commons-beanutils-1.9.2.jar;C:\Users\Administrator\.m2\repository\commons-logging\commons-logging\1.2\commons-logging-1.2.jar;, java.specification.name=Java Platform API Specification, java.class.version=52.0, sun.management.compiler=HotSpot 64-Bit Tiered Compilers, os.version=6.3, user.home=C:\Users\Administrator, user.timezone=Asia/Shanghai, java.awt.printerjob=sun.awt.windows.WPrinterJob, file.encoding=GBK, java.specification.version=1.8, java.class.path=F:\qyw\guns-rest\target\test-classes;F:\qyw\guns-rest\target\classes;C:\Users\Administrator\.m2\repository\org\springframework\boot\spring-boot-starter-web\1.5.9.RELEASE\spring-boot-starter-web-1.5.9.RELEASE.jar;C:\Users\Administrator\.m2\repository\org\springframework\boot\spring-boot-starter\1.5.9.RELEASE\spring-boot-starter-1.5.9.RELEASE.jar;C:\Users\Administrator\.m2\repository\org\springframework\boot\spring-boot\1.5.9.RELEASE\spring-boot-1.5.9.RELEASE.jar;C:\Users\Administrator\.m2\repository\org\springframework\boot\spring-boot-autoconfigure\1.5.9.RELEASE\spring-boot-autoconfigure-1.5.9.RELEASE.jar;C:\Users\Administrator\.m2\repository\org\springframework\boot\spring-boot-starter-logging\1.5.9.RELEASE\spring-boot-starter-logging-1.5.9.RELEASE.jar;C:\Users\Administrator\.m2\repository\ch\qos\logback\logback-classic\1.1.11\logback-classic-1.1.11.jar;C:\Users\Administrator\.m2\repository\ch\qos\logback\logback-core\1.1.11\logback-core-1.1.11.jar;C:\Users\Administrator\.m2\repository\org\slf4j\jcl-over-slf4j\1.7.25\jcl-over-slf4j-1.7.25.jar;C:\Users\Administrator\.m2\repository\org\slf4j\jul-to-slf4j\1.7.25\jul-to-slf4j-1.7.25.jar;C:\Users\Administrator\.m2\repository\org\slf4j\log4j-over-slf4j\1.7.25\log4j-over-slf4j-1.7.25.jar;C:\Users\Administrator\.m2\repository\org\yaml\snakeyaml\1.17\snakeyaml-1.17.jar;C:\Users\Administrator\.m2\repository\org\springframework\boot\spring-boot-starter-tomcat\1.5.9.RELEASE\spring-boot-starter-tomcat-1.5.9.RELEASE.jar;C:\Users\Administrator\.m2\repository\org\apache\tomcat\embed\tomcat-embed-core\8.5.23\tomcat-embed-core-8.5.23.jar;C:\Users\Administrator\.m2\repository\org\apache\tomcat\tomcat-annotations-api\8.5.23\tomcat-annotations-api-8.5.23.jar;C:\Users\Administrator\.m2\repository\org\apache\tomcat\embed\tomcat-embed-el\8.5.23\tomcat-embed-el-8.5.23.jar;C:\Users\Administrator\.m2\repository\org\apache\tomcat\embed\tomcat-embed-websocket\8.5.23\tomcat-embed-websocket-8.5.23.jar;C:\Users\Administrator\.m2\repository\org\hibernate\hibernate-validator\5.3.6.Final\hibernate-validator-5.3.6.Final.jar;C:\Users\Administrator\.m2\repository\javax\validation\validation-api\1.1.0.Final\validation-api-1.1.0.Final.jar;C:\Users\Administrator\.m2\repository\org\jboss\logging\jboss-logging\3.3.1.Final\jboss-logging-3.3.1.Final.jar;C:\Users\Administrator\.m2\repository\com\fasterxml\classmate\1.3.4\classmate-1.3.4.jar;C:\Users\Administrator\.m2\repository\com\fasterxml\jackson\core\jackson-databind\2.8.10\jackson-databind-2.8.10.jar;C:\Users\Administrator\.m2\repository\com\fasterxml\jackson\core\jackson-annotations\2.8.0\jackson-annotations-2.8.0.jar;C:\Users\Administrator\.m2\repository\com\fasterxml\jackson\core\jackson-core\2.8.10\jackson-core-2.8.10.jar;C:\Users\Administrator\.m2\repository\org\springframework\spring-web\4.3.13.RELEASE\spring-web-4.3.13.RELEASE.jar;C:\Users\Administrator\.m2\repository\org\springframework\spring-aop\4.3.13.RELEASE\spring-aop-4.3.13.RELEASE.jar;C:\Users\Administrator\.m2\repository\org\springframework\spring-beans\4.3.13.RELEASE\spring-beans-4.3.13.RELEASE.jar;C:\Users\Administrator\.m2\repository\org\springframework\spring-context\4.3.13.RELEASE\spring-context-4.3.13.RELEASE.jar;C:\Users\Administrator\.m2\repository\org\springframework\spring-webmvc\4.3.13.RELEASE\spring-webmvc-4.3.13.RELEASE.jar;C:\Users\Administrator\.m2\repository\org\springframework\spring-expression\4.3.13.RELEASE\spring-expression-4.3.13.RELEASE.jar;C:\Users\Administrator\.m2\repository\org\springframework\boot\spring-boot-starter-test\1.5.9.RELEASE\spring-boot-starter-test-1.5.9.RELEASE.jar;C:\Users\Administrator\.m2\repository\org\springframework\boot\spring-boot-test\1.5.9.RELEASE\spring-boot-test-1.5.9.RELEASE.jar;C:\Users\Administrator\.m2\repository\org\springframework\boot\spring-boot-test-autoconfigure\1.5.9.RELEASE\spring-boot-test-autoconfigure-1.5.9.RELEASE.jar;C:\Users\Administrator\.m2\repository\com\jayway\jsonpath\json-path\2.2.0\json-path-2.2.0.jar;C:\Users\Administrator\.m2\repository\net\minidev\json-smart\2.2.1\json-smart-2.2.1.jar;C:\Users\Administrator\.m2\repository\net\minidev\accessors-smart\1.1\accessors-smart-1.1.jar;C:\Users\Administrator\.m2\repository\org\ow2\asm\asm\5.0.3\asm-5.0.3.jar;C:\Users\Administrator\.m2\repository\org\slf4j\slf4j-api\1.7.25\slf4j-api-1.7.25.jar;C:\Users\Administrator\.m2\repository\junit\junit\4.12\junit-4.12.jar;C:\Users\Administrator\.m2\repository\org\assertj\assertj-core\2.6.0\assertj-core-2.6.0.jar;C:\Users\Administrator\.m2\repository\org\mockito\mockito-core\1.10.19\mockito-core-1.10.19.jar;C:\Users\Administrator\.m2\repository\org\objenesis\objenesis\2.1\objenesis-2.1.jar;C:\Users\Administrator\.m2\repository\org\hamcrest\hamcrest-core\1.3\hamcrest-core-1.3.jar;C:\Users\Administrator\.m2\repository\org\hamcrest\hamcrest-library\1.3\hamcrest-library-1.3.jar;C:\Users\Administrator\.m2\repository\org\skyscreamer\jsonassert\1.4.0\jsonassert-1.4.0.jar;C:\Users\Administrator\.m2\repository\com\vaadin\external\google\android-json\0.0.20131108.vaadin1\android-json-0.0.20131108.vaadin1.jar;C:\Users\Administrator\.m2\repository\org\springframework\spring-core\4.3.13.RELEASE\spring-core-4.3.13.RELEASE.jar;C:\Users\Administrator\.m2\repository\org\springframework\spring-test\4.3.13.RELEASE\spring-test-4.3.13.RELEASE.jar;C:\Users\Administrator\.m2\repository\io\jsonwebtoken\jjwt\0.7.0\jjwt-0.7.0.jar;C:\Users\Administrator\.m2\repository\com\stylefeng\guns-core\1.0.0-SNAPSHOT\guns-core-1.0.0-SNAPSHOT.jar;C:\Users\Administrator\.m2\repository\com\baomidou\mybatisplus-spring-boot-starter\1.0.5\mybatisplus-spring-boot-starter-1.0.5.jar;C:\Users\Administrator\.m2\repository\org\springframework\boot\spring-boot-configuration-processor\1.5.9.RELEASE\spring-boot-configuration-processor-1.5.9.RELEASE.jar;C:\Users\Administrator\.m2\repository\com\baomidou\mybatis-plus\2.1.8\mybatis-plus-2.1.8.jar;C:\Users\Administrator\.m2\repository\com\baomidou\mybatis-plus-support\2.1.8\mybatis-plus-support-2.1.8.jar;C:\Users\Administrator\.m2\repository\com\baomidou\mybatis-plus-core\2.1.8\mybatis-plus-core-2.1.8.jar;C:\Users\Administrator\.m2\repository\com\github\jsqlparser\jsqlparser\1.1\jsqlparser-1.1.jar;C:\Users\Administrator\.m2\repository\org\mybatis\mybatis-spring\1.3.1\mybatis-spring-1.3.1.jar;C:\Users\Administrator\.m2\repository\org\mybatis\mybatis\3.4.5\mybatis-3.4.5.jar;C:\Users\Administrator\.m2\repository\com\baomidou\mybatis-plus-generate\2.1.8\mybatis-plus-generate-2.1.8.jar;C:\Users\Administrator\.m2\repository\org\apache\velocity\velocity\1.7\velocity-1.7.jar;C:\Users\Administrator\.m2\repository\commons-collections\commons-collections\3.2.2\commons-collections-3.2.2.jar;C:\Users\Administrator\.m2\repository\commons-lang\commons-lang\2.4\commons-lang-2.4.jar;C:\Users\Administrator\.m2\repository\mysql\mysql-connector-java\8.0.11\mysql-connector-java-8.0.11.jar;C:\Users\Administrator\.m2\repository\com\google\protobuf\protobuf-java\2.6.0\protobuf-java-2.6.0.jar;C:\Users\Administrator\.m2\repository\org\springframework\boot\spring-boot-starter-jdbc\1.5.9.RELEASE\spring-boot-starter-jdbc-1.5.9.RELEASE.jar;C:\Users\Administrator\.m2\repository\org\apache\tomcat\tomcat-jdbc\8.5.23\tomcat-jdbc-8.5.23.jar;C:\Users\Administrator\.m2\repository\org\apache\tomcat\tomcat-juli\8.5.23\tomcat-juli-8.5.23.jar;C:\Users\Administrator\.m2\repository\org\springframework\spring-jdbc\4.3.13.RELEASE\spring-jdbc-4.3.13.RELEASE.jar;C:\Users\Administrator\.m2\repository\org\springframework\spring-tx\4.3.13.RELEASE\spring-tx-4.3.13.RELEASE.jar;C:\Users\Administrator\.m2\repository\com\alibaba\druid\1.1.6\druid-1.1.6.jar;C:\Users\Administrator\.m2\repository\com\alibaba\fastjson\1.2.44\fastjson-1.2.44.jar;C:\Users\Administrator\.m2\repository\org\apache\commons\commons-lang3\3.6\commons-lang3-3.6.jar;C:\Users\Administrator\.m2\repository\org\apache\poi\poi-ooxml\3.17\poi-ooxml-3.17.jar;C:\Users\Administrator\.m2\repository\org\apache\poi\poi\3.17\poi-3.17.jar;C:\Users\Administrator\.m2\repository\commons-codec\commons-codec\1.10\commons-codec-1.10.jar;C:\Users\Administrator\.m2\repository\org\apache\commons\commons-collections4\4.1\commons-collections4-4.1.jar;C:\Users\Administrator\.m2\repository\org\apache\poi\poi-ooxml-schemas\3.17\poi-ooxml-schemas-3.17.jar;C:\Users\Administrator\.m2\repository\org\apache\xmlbeans\xmlbeans\2.6.0\xmlbeans-2.6.0.jar;C:\Users\Administrator\.m2\repository\stax\stax-api\1.0.1\stax-api-1.0.1.jar;C:\Users\Administrator\.m2\repository\com\github\virtuald\curvesapi\1.04\curvesapi-1.04.jar;C:\Users\Administrator\.m2\repository\org\apache\poi\poi-scratchpad\3.17\poi-scratchpad-3.17.jar;C:\Users\Administrator\.m2\repository\fr\opensagres\xdocreport\fr.opensagres.xdocreport.document\1.0.5\fr.opensagres.xdocreport.document-1.0.5.jar;C:\Users\Administrator\.m2\repository\fr\opensagres\xdocreport\fr.opensagres.xdocreport.core\1.0.5\fr.opensagres.xdocreport.core-1.0.5.jar;C:\Users\Administrator\.m2\repository\fr\opensagres\xdocreport\fr.opensagres.xdocreport.converter\1.0.5\fr.opensagres.xdocreport.converter-1.0.5.jar;C:\Users\Administrator\.m2\repository\fr\opensagres\xdocreport\fr.opensagres.xdocreport.template\1.0.5\fr.opensagres.xdocreport.template-1.0.5.jar;C:\Users\Administrator\.m2\repository\fr\opensagres\xdocreport\org.apache.poi.xwpf.converter.xhtml\1.0.5\org.apache.poi.xwpf.converter.xhtml-1.0.5.jar;C:\Users\Administrator\.m2\repository\fr\opensagres\xdocreport\org.apache.poi.xwpf.converter.core\1.0.5\org.apache.poi.xwpf.converter.core-1.0.5.jar;C:\Users\Administrator\.m2\repository\org\apache\poi\ooxml-schemas\1.1\ooxml-schemas-1.1.jar;C:\Users\Administrator\.m2\repository\de\mhus\ports\ports-javaxmail\1.3.5\ports-javaxmail-1.3.5.jar;C:\Users\Administrator\.m2\repository\org\osgi\org.osgi.compendium\5.0.0\org.osgi.compendium-5.0.0.jar;C:\Users\Administrator\.m2\repository\biz\aQute\bndlib\1.50.0\bndlib-1.50.0.jar;C:\Users\Administrator\.m2\repository\javax\mail\mail\1.4.1\mail-1.4.1.jar;C:\Users\Administrator\.m2\repository\javax\activation\activation\1.1.1\activation-1.1.1.jar;C:\Users\Administrator\.m2\repository\net\coobird\thumbnailator\0.4.8\thumbnailator-0.4.8.jar;C:\Users\Administrator\.m2\repository\commons-beanutils\commons-beanutils\1.9.2\commons-beanutils-1.9.2.jar;C:\Users\Administrator\.m2\repository\commons-logging\commons-logging\1.2\commons-logging-1.2.jar;, user.name=Administrator, java.vm.specification.version=1.8, sun.java.command=F:\qyw\guns-rest\target\surefire\surefirebooter3836265779371738923.jar F:\qyw\guns-rest\target\surefire\surefire1731690905214999126tmp F:\qyw\guns-rest\target\surefire\surefire_04488866078972656346tmp, java.home=E:\SDK\jdk1.8.0_11\jre, sun.arch.data.model=64, user.language=zh, java.specification.vendor=Oracle Corporation, awt.toolkit=sun.awt.windows.WToolkit, java.vm.info=mixed mode, java.version=1.8.0_11, java.ext.dirs=E:\SDK\jdk1.8.0_11\jre\lib\ext;C:\Windows\Sun\Java\lib\ext, sun.boot.class.path=E:\SDK\jdk1.8.0_11\jre\lib\resources.jar;E:\SDK\jdk1.8.0_11\jre\lib\rt.jar;E:\SDK\jdk1.8.0_11\jre\lib\sunrsasign.jar;E:\SDK\jdk1.8.0_11\jre\lib\jsse.jar;E:\SDK\jdk1.8.0_11\jre\lib\jce.jar;E:\SDK\jdk1.8.0_11\jre\lib\charsets.jar;E:\SDK\jdk1.8.0_11\jre\lib\jfr.jar;E:\SDK\jdk1.8.0_11\jre\classes, java.vendor=Oracle Corporation, localRepository=C:\Users\Administrator\.m2\repository, file.separator=\, java.vendor.url.bug=http://bugreport.sun.com/bugreport/, sun.io.unicode.encoding=UnicodeLittle, sun.cpu.endian=little, sun.desktop=windows, sun.cpu.isalist=amd64}}, SystemEnvironmentPropertySource@1209669119 {name='systemEnvironment', properties={PATH=C:\Windows\system32;C:\Windows;C:\Windows\System32\Wbem;C:\Windows\System32\WindowsPowerShell\v1.0\;C:\Windows\System32\OpenSSH\;E:\SDK\jdk1.8.0_11\bin;C:\Program Files\TortoiseSVN\bin;D:\SDK\mysql-5.7.31-winx64\bin;D:\SDK\redis\;C:\Users\Administrator\AppData\Local\Microsoft\WindowsApps;;C:\Program Files\JetBrains\IntelliJ IDEA 2021.3.2\bin;, USERDOMAIN_ROAMINGPROFILE=WIN-65LI41ARNT6, LOCALAPPDATA=C:\Users\Administrator\AppData\Local, PROCESSOR_LEVEL=6, SYSTEMDRIVE=C:, COMMONPROGRAMFILES(X86)=C:\Program Files (x86)\Common Files, USERDOMAIN=WIN-65LI41ARNT6, LOGONSERVER=\\WIN-65LI41ARNT6, PROMPT=$P$G, SESSIONNAME=Console, ALLUSERSPROFILE=C:\ProgramData, PROGRAMFILES(X86)=C:\Program Files (x86), PROCESSOR_ARCHITECTURE=AMD64, DRIVERDATA=C:\Windows\System32\Drivers\DriverData, INTELLIJ IDEA=C:\Program Files\JetBrains\IntelliJ IDEA 2021.3.2\bin;, PROGRAMFILES=C:\Program Files, APPDATA=C:\Users\Administrator\AppData\Roaming, PSMODULEPATH=C:\Program Files\WindowsPowerShell\Modules;C:\Windows\system32\WindowsPowerShell\v1.0\Modules, PROGRAMW6432=C:\Program Files, PROGRAMDATA=C:\ProgramData, SYSTEMROOT=C:\Windows, USERNAME=Administrator, PATHEXT=.COM;.EXE;.BAT;.CMD;.VBS;.VBE;.JS;.JSE;.WSF;.WSH;.MSC, OS=Windows_NT, COMMONPROGRAMW6432=C:\Program Files\Common Files, COMPUTERNAME=WIN-65LI41ARNT6, COMMONPROGRAMFILES=C:\Program Files\Common Files, COMSPEC=C:\Windows\system32\cmd.exe, PROCESSOR_REVISION=a503, WINDIR=C:\Windows, =F:=F:\qyw\guns-rest, HOMEPATH=\Users\Administrator, TEMP=C:\Users\Administrator\AppData\Local\Temp, HOMEDRIVE=C:, PROCESSOR_IDENTIFIER=Intel64 Family 6 Model 165 Stepping 3, GenuineIntel, USERPROFILE=C:\Users\Administrator, TMP=C:\Users\Administrator\AppData\Local\Temp, PUBLIC=C:\Users\Public, NUMBER_OF_PROCESSORS=12, =::=::\, IDEA_INITIAL_DIRECTORY=C:\Users\Administrator\Desktop, ZES_ENABLE_SYSMAN=1}}]
22:11:52.737 [main] DEBUG org.springframework.core.io.support.PathMatchingResourcePatternResolver - Resolved classpath location [com/stylefeng/guns/] to resources [URL [file:/F:/qyw/guns-rest/target/test-classes/com/stylefeng/guns/], URL [file:/F:/qyw/guns-rest/target/classes/com/stylefeng/guns/], URL [jar:file:/C:/Users/Administrator/.m2/repository/com/stylefeng/guns-core/1.0.0-SNAPSHOT/guns-core-1.0.0-SNAPSHOT.jar!/com/stylefeng/guns/]]
22:11:52.737 [main] DEBUG org.springframework.core.io.support.PathMatchingResourcePatternResolver - Looking for matching resources in directory tree [F:\qyw\guns-rest\target\test-classes\com\stylefeng\guns]
22:11:52.737 [main] DEBUG org.springframework.core.io.support.PathMatchingResourcePatternResolver - Searching directory [F:\qyw\guns-rest\target\test-classes\com\stylefeng\guns] for files matching pattern [F:/qyw/guns-rest/target/test-classes/com/stylefeng/guns/*.class]
22:11:52.738 [main] DEBUG org.springframework.core.io.support.PathMatchingResourcePatternResolver - Looking for matching resources in directory tree [F:\qyw\guns-rest\target\classes\com\stylefeng\guns]
22:11:52.738 [main] DEBUG org.springframework.core.io.support.PathMatchingResourcePatternResolver - Searching directory [F:\qyw\guns-rest\target\classes\com\stylefeng\guns] for files matching pattern [F:/qyw/guns-rest/target/classes/com/stylefeng/guns/*.class]
22:11:52.738 [main] DEBUG org.springframework.core.io.support.PathMatchingResourcePatternResolver - Looking for matching resources in jar file [file:/C:/Users/Administrator/.m2/repository/com/stylefeng/guns-core/1.0.0-SNAPSHOT/guns-core-1.0.0-SNAPSHOT.jar]
22:11:52.739 [main] DEBUG org.springframework.core.io.support.PathMatchingResourcePatternResolver - Resolved location pattern [classpath*:com/stylefeng/guns/*.class] to resources [file [F:\qyw\guns-rest\target\test-classes\com\stylefeng\guns\GunsRestApplicationTests.class]]
22:11:52.740 [main] DEBUG org.springframework.core.io.support.PathMatchingResourcePatternResolver - Resolved classpath location [com/stylefeng/] to resources [URL [file:/F:/qyw/guns-rest/target/test-classes/com/stylefeng/], URL [file:/F:/qyw/guns-rest/target/classes/com/stylefeng/], URL [jar:file:/C:/Users/Administrator/.m2/repository/com/stylefeng/guns-core/1.0.0-SNAPSHOT/guns-core-1.0.0-SNAPSHOT.jar!/com/stylefeng/]]
22:11:52.740 [main] DEBUG org.springframework.core.io.support.PathMatchingResourcePatternResolver - Looking for matching resources in directory tree [F:\qyw\guns-rest\target\test-classes\com\stylefeng]
22:11:52.740 [main] DEBUG org.springframework.core.io.support.PathMatchingResourcePatternResolver - Searching directory [F:\qyw\guns-rest\target\test-classes\com\stylefeng] for files matching pattern [F:/qyw/guns-rest/target/test-classes/com/stylefeng/*.class]
22:11:52.740 [main] DEBUG org.springframework.core.io.support.PathMatchingResourcePatternResolver - Looking for matching resources in directory tree [F:\qyw\guns-rest\target\classes\com\stylefeng]
22:11:52.740 [main] DEBUG org.springframework.core.io.support.PathMatchingResourcePatternResolver - Searching directory [F:\qyw\guns-rest\target\classes\com\stylefeng] for files matching pattern [F:/qyw/guns-rest/target/classes/com/stylefeng/*.class]
22:11:52.741 [main] DEBUG org.springframework.core.io.support.PathMatchingResourcePatternResolver - Looking for matching resources in jar file [file:/C:/Users/Administrator/.m2/repository/com/stylefeng/guns-core/1.0.0-SNAPSHOT/guns-core-1.0.0-SNAPSHOT.jar]
22:11:52.741 [main] DEBUG org.springframework.core.io.support.PathMatchingResourcePatternResolver - Resolved location pattern [classpath*:com/stylefeng/*.class] to resources []
22:11:52.742 [main] DEBUG org.springframework.core.io.support.PathMatchingResourcePatternResolver - Resolved classpath location [com/] to resources [URL [file:/F:/qyw/guns-rest/target/test-classes/com/], URL [file:/F:/qyw/guns-rest/target/classes/com/], URL [jar:file:/C:/Users/Administrator/.m2/repository/com/fasterxml/classmate/1.3.4/classmate-1.3.4.jar!/com/], URL [jar:file:/C:/Users/Administrator/.m2/repository/com/fasterxml/jackson/core/jackson-databind/2.8.10/jackson-databind-2.8.10.jar!/com/], URL [jar:file:/C:/Users/Administrator/.m2/repository/com/fasterxml/jackson/core/jackson-annotations/2.8.0/jackson-annotations-2.8.0.jar!/com/], URL [jar:file:/C:/Users/Administrator/.m2/repository/com/fasterxml/jackson/core/jackson-core/2.8.10/jackson-core-2.8.10.jar!/com/], URL [jar:file:/C:/Users/Administrator/.m2/repository/com/jayway/jsonpath/json-path/2.2.0/json-path-2.2.0.jar!/com/], URL [jar:file:/C:/Users/Administrator/.m2/repository/com/stylefeng/guns-core/1.0.0-SNAPSHOT/guns-core-1.0.0-SNAPSHOT.jar!/com/], URL [jar:file:/C:/Users/Administrator/.m2/repository/com/baomidou/mybatisplus-spring-boot-starter/1.0.5/mybatisplus-spring-boot-starter-1.0.5.jar!/com/], URL [jar:file:/C:/Users/Administrator/.m2/repository/com/baomidou/mybatis-plus-support/2.1.8/mybatis-plus-support-2.1.8.jar!/com/], URL [jar:file:/C:/Users/Administrator/.m2/repository/com/baomidou/mybatis-plus-core/2.1.8/mybatis-plus-core-2.1.8.jar!/com/], URL [jar:file:/C:/Users/Administrator/.m2/repository/com/baomidou/mybatis-plus-generate/2.1.8/mybatis-plus-generate-2.1.8.jar!/com/], URL [jar:file:/C:/Users/Administrator/.m2/repository/mysql/mysql-connector-java/8.0.11/mysql-connector-java-8.0.11.jar!/com/], URL [jar:file:/C:/Users/Administrator/.m2/repository/com/google/protobuf/protobuf-java/2.6.0/protobuf-java-2.6.0.jar!/com/], URL [jar:file:/C:/Users/Administrator/.m2/repository/com/alibaba/druid/1.1.6/druid-1.1.6.jar!/com/], URL [jar:file:/C:/Users/Administrator/.m2/repository/com/alibaba/fastjson/1.2.44/fastjson-1.2.44.jar!/com/], URL [jar:file:/C:/Users/Administrator/.m2/repository/org/apache/poi/poi-ooxml-schemas/3.17/poi-ooxml-schemas-3.17.jar!/com/], URL [jar:file:/C:/Users/Administrator/.m2/repository/com/github/virtuald/curvesapi/1.04/curvesapi-1.04.jar!/com/], URL [jar:file:/C:/Users/Administrator/.m2/repository/javax/mail/mail/1.4.1/mail-1.4.1.jar!/com/], URL [jar:file:/C:/Users/Administrator/.m2/repository/javax/activation/activation/1.1.1/activation-1.1.1.jar!/com/]]
22:11:52.742 [main] DEBUG org.springframework.core.io.support.PathMatchingResourcePatternResolver - Looking for matching resources in directory tree [F:\qyw\guns-rest\target\test-classes\com]
22:11:52.742 [main] DEBUG org.springframework.core.io.support.PathMatchingResourcePatternResolver - Searching directory [F:\qyw\guns-rest\target\test-classes\com] for files matching pattern [F:/qyw/guns-rest/target/test-classes/com/*.class]
22:11:52.742 [main] DEBUG org.springframework.core.io.support.PathMatchingResourcePatternResolver - Looking for matching resources in directory tree [F:\qyw\guns-rest\target\classes\com]
22:11:52.743 [main] DEBUG org.springframework.core.io.support.PathMatchingResourcePatternResolver - Searching directory [F:\qyw\guns-rest\target\classes\com] for files matching pattern [F:/qyw/guns-rest/target/classes/com/*.class]
22:11:52.743 [main] DEBUG org.springframework.core.io.support.PathMatchingResourcePatternResolver - Looking for matching resources in jar file [file:/C:/Users/Administrator/.m2/repository/com/fasterxml/classmate/1.3.4/classmate-1.3.4.jar]
22:11:52.743 [main] DEBUG org.springframework.core.io.support.PathMatchingResourcePatternResolver - Looking for matching resources in jar file [file:/C:/Users/Administrator/.m2/repository/com/fasterxml/jackson/core/jackson-databind/2.8.10/jackson-databind-2.8.10.jar]
22:11:52.745 [main] DEBUG org.springframework.core.io.support.PathMatchingResourcePatternResolver - Looking for matching resources in jar file [file:/C:/Users/Administrator/.m2/repository/com/fasterxml/jackson/core/jackson-annotations/2.8.0/jackson-annotations-2.8.0.jar]
22:11:52.745 [main] DEBUG org.springframework.core.io.support.PathMatchingResourcePatternResolver - Looking for matching resources in jar file [file:/C:/Users/Administrator/.m2/repository/com/fasterxml/jackson/core/jackson-core/2.8.10/jackson-core-2.8.10.jar]
22:11:52.745 [main] DEBUG org.springframework.core.io.support.PathMatchingResourcePatternResolver - Looking for matching resources in jar file [file:/C:/Users/Administrator/.m2/repository/com/jayway/jsonpath/json-path/2.2.0/json-path-2.2.0.jar]
22:11:52.746 [main] DEBUG org.springframework.core.io.support.PathMatchingResourcePatternResolver - Looking for matching resources in jar file [file:/C:/Users/Administrator/.m2/repository/com/stylefeng/guns-core/1.0.0-SNAPSHOT/guns-core-1.0.0-SNAPSHOT.jar]
22:11:52.746 [main] DEBUG org.springframework.core.io.support.PathMatchingResourcePatternResolver - Looking for matching resources in jar file [file:/C:/Users/Administrator/.m2/repository/com/baomidou/mybatisplus-spring-boot-starter/1.0.5/mybatisplus-spring-boot-starter-1.0.5.jar]
22:11:52.746 [main] DEBUG org.springframework.core.io.support.PathMatchingResourcePatternResolver - Looking for matching resources in jar file [file:/C:/Users/Administrator/.m2/repository/com/baomidou/mybatis-plus-support/2.1.8/mybatis-plus-support-2.1.8.jar]
22:11:52.747 [main] DEBUG org.springframework.core.io.support.PathMatchingResourcePatternResolver - Looking for matching resources in jar file [file:/C:/Users/Administrator/.m2/repository/com/baomidou/mybatis-plus-core/2.1.8/mybatis-plus-core-2.1.8.jar]
22:11:52.747 [main] DEBUG org.springframework.core.io.support.PathMatchingResourcePatternResolver - Looking for matching resources in jar file [file:/C:/Users/Administrator/.m2/repository/com/baomidou/mybatis-plus-generate/2.1.8/mybatis-plus-generate-2.1.8.jar]
22:11:52.747 [main] DEBUG org.springframework.core.io.support.PathMatchingResourcePatternResolver - Looking for matching resources in jar file [file:/C:/Users/Administrator/.m2/repository/mysql/mysql-connector-java/8.0.11/mysql-connector-java-8.0.11.jar]
22:11:52.749 [main] DEBUG org.springframework.core.io.support.PathMatchingResourcePatternResolver - Looking for matching resources in jar file [file:/C:/Users/Administrator/.m2/repository/com/google/protobuf/protobuf-java/2.6.0/protobuf-java-2.6.0.jar]
22:11:52.750 [main] DEBUG org.springframework.core.io.support.PathMatchingResourcePatternResolver - Looking for matching resources in jar file [file:/C:/Users/Administrator/.m2/repository/com/alibaba/druid/1.1.6/druid-1.1.6.jar]
22:11:52.753 [main] DEBUG org.springframework.core.io.support.PathMatchingResourcePatternResolver - Looking for matching resources in jar file [file:/C:/Users/Administrator/.m2/repository/com/alibaba/fastjson/1.2.44/fastjson-1.2.44.jar]
22:11:52.754 [main] DEBUG org.springframework.core.io.support.PathMatchingResourcePatternResolver - Looking for matching resources in jar file [file:/C:/Users/Administrator/.m2/repository/org/apache/poi/poi-ooxml-schemas/3.17/poi-ooxml-schemas-3.17.jar]
22:11:52.760 [main] DEBUG org.springframework.core.io.support.PathMatchingResourcePatternResolver - Looking for matching resources in jar file [file:/C:/Users/Administrator/.m2/repository/com/github/virtuald/curvesapi/1.04/curvesapi-1.04.jar]
22:11:52.760 [main] DEBUG org.springframework.core.io.support.PathMatchingResourcePatternResolver - Looking for matching resources in jar file [file:/C:/Users/Administrator/.m2/repository/javax/mail/mail/1.4.1/mail-1.4.1.jar]
22:11:52.760 [main] DEBUG org.springframework.core.io.support.PathMatchingResourcePatternResolver - Looking for matching resources in jar file [file:/C:/Users/Administrator/.m2/repository/javax/activation/activation/1.1.1/activation-1.1.1.jar]
22:11:52.760 [main] DEBUG org.springframework.core.io.support.PathMatchingResourcePatternResolver - Resolved location pattern [classpath*:com/*.class] to resources []
]]></system-out>
  </testcase>
</testsuite>